TN:
SF:src\index.ts
FN:14,(anonymous_1)
FN:19,(anonymous_2)
FNF:2
FNH:2
FNDA:10,(anonymous_1)
FNDA:1,(anonymous_2)
DA:1,1
DA:3,1
DA:4,1
DA:6,1
DA:8,1
DA:9,1
DA:11,1
DA:14,1
DA:15,10
DA:16,10
DA:19,1
DA:20,1
DA:23,1
DA:24,1
DA:26,1
LF:15
LH:15
BRF:0
BRH:0
end_of_record
TN:
SF:src\middlewares\verifyToken.ts
FN:9,(anonymous_0)
FNF:1
FNH:0
FNDA:0,(anonymous_0)
DA:6,0
DA:9,0
DA:11,0
DA:13,0
DA:14,0
DA:18,0
DA:19,0
DA:20,0
DA:23,0
DA:25,0
DA:28,0
DA:31,0
DA:34,0
DA:35,0
LF:14
LH:0
BRDA:13,0,0,0
BRDA:13,0,1,0
BRDA:19,1,0,0
BRDA:19,1,1,0
BRDA:19,2,0,0
BRDA:19,2,1,0
BRF:6
BRH:0
end_of_record
TN:
SF:src\modules\tasks\controller\tasksController.ts
FN:6,(anonymous_8)
FN:6,(anonymous_9)
FN:25,(anonymous_10)
FN:25,(anonymous_11)
FN:40,(anonymous_12)
FN:40,(anonymous_13)
FN:55,(anonymous_14)
FN:55,(anonymous_15)
FN:106,(anonymous_16)
FN:106,(anonymous_17)
FNF:10
FNH:10
FNDA:2,(anonymous_8)
FNDA:2,(anonymous_9)
FNDA:1,(anonymous_10)
FNDA:1,(anonymous_11)
FNDA:1,(anonymous_12)
FNDA:1,(anonymous_13)
FNDA:1,(anonymous_14)
FNDA:1,(anonymous_15)
FNDA:1,(anonymous_16)
FNDA:1,(anonymous_17)
DA:2,1
DA:6,2
DA:7,2
DA:8,2
DA:9,2
DA:11,2
DA:12,2
DA:17,1
DA:19,1
DA:20,1
DA:25,1
DA:26,1
DA:27,1
DA:28,1
DA:29,0
DA:31,1
DA:34,0
DA:35,0
DA:40,1
DA:41,1
DA:42,1
DA:43,1
DA:44,1
DA:45,0
DA:47,1
DA:49,0
DA:50,0
DA:55,1
DA:56,1
DA:57,1
DA:58,1
DA:59,1
DA:63,1
DA:64,0
DA:66,1
DA:70,0
DA:71,0
DA:106,1
DA:107,1
DA:108,1
DA:109,1
DA:110,1
DA:111,0
DA:113,1
DA:115,0
DA:116,0
DA:120,1
LF:47
LH:35
BRDA:28,0,0,0
BRDA:28,0,1,1
BRDA:44,1,0,0
BRDA:44,1,1,1
BRDA:63,2,0,0
BRDA:63,2,1,1
BRDA:110,3,0,0
BRDA:110,3,1,1
BRF:8
BRH:4
end_of_record
TN:
SF:src\modules\tasks\repository\tasksRepository.ts
FN:4,(anonymous_8)
FN:8,(anonymous_9)
FN:14,(anonymous_10)
FN:14,(anonymous_11)
FN:19,(anonymous_12)
FN:19,(anonymous_13)
FN:24,(anonymous_14)
FN:24,(anonymous_15)
FN:29,(anonymous_16)
FN:29,(anonymous_17)
FNF:10
FNH:10
FNDA:2,(anonymous_8)
FNDA:2,(anonymous_9)
FNDA:1,(anonymous_10)
FNDA:1,(anonymous_11)
FNDA:1,(anonymous_12)
FNDA:1,(anonymous_13)
FNDA:1,(anonymous_14)
FNDA:1,(anonymous_15)
FNDA:1,(anonymous_16)
FNDA:1,(anonymous_17)
DA:1,1
DA:4,1
DA:8,2
DA:9,2
DA:10,2
DA:14,1
DA:15,1
DA:19,1
DA:20,1
DA:24,1
DA:25,1
DA:26,1
DA:29,1
DA:30,1
DA:33,1
LF:15
LH:15
BRF:0
BRH:0
end_of_record
TN:
SF:src\modules\tasks\test\tasks.spec.ts
FN:9,(anonymous_7)
FN:11,(anonymous_8)
FN:14,(anonymous_9)
FN:21,(anonymous_10)
FN:34,(anonymous_11)
FN:37,(anonymous_12)
FN:45,(anonymous_13)
FN:48,(anonymous_14)
FN:56,(anonymous_15)
FN:65,(anonymous_16)
FN:75,(anonymous_17)
FN:78,(anonymous_18)
FN:86,(anonymous_19)
FN:93,(anonymous_20)
FNF:14
FNH:14
FNDA:6,(anonymous_7)
FNDA:1,(anonymous_8)
FNDA:1,(anonymous_9)
FNDA:1,(anonymous_10)
FNDA:1,(anonymous_11)
FNDA:1,(anonymous_12)
FNDA:1,(anonymous_13)
FNDA:1,(anonymous_14)
FNDA:1,(anonymous_15)
FNDA:1,(anonymous_16)
FNDA:1,(anonymous_17)
FNDA:1,(anonymous_18)
FNDA:1,(anonymous_19)
FNDA:1,(anonymous_20)
DA:1,1
DA:3,1
DA:4,1
DA:7,1
DA:9,6
DA:11,1
DA:14,1
DA:15,1
DA:22,1
DA:23,1
DA:24,1
DA:25,1
DA:28,1
DA:30,1
DA:34,1
DA:35,1
DA:38,1
DA:39,1
DA:40,1
DA:41,1
DA:45,1
DA:46,1
DA:49,1
DA:50,1
DA:51,1
DA:52,1
DA:56,1
DA:57,1
DA:62,1
DA:66,1
DA:67,1
DA:68,1
DA:69,1
DA:70,1
DA:71,1
DA:75,1
DA:76,1
DA:79,1
DA:80,1
DA:81,1
DA:82,1
DA:86,1
DA:87,1
DA:94,1
DA:95,1
DA:96,1
DA:97,1
LF:47
LH:47
BRF:0
BRH:0
end_of_record
TN:
SF:src\modules\users\controller\usersController.ts
FN:16,(anonymous_8)
FN:16,(anonymous_9)
FN:39,(anonymous_10)
FN:39,(anonymous_11)
FN:53,(anonymous_12)
FN:53,(anonymous_13)
FNF:6
FNH:6
FNDA:2,(anonymous_8)
FNDA:2,(anonymous_9)
FNDA:1,(anonymous_10)
FNDA:1,(anonymous_11)
FNDA:1,(anonymous_12)
FNDA:1,(anonymous_13)
DA:2,1
DA:3,1
DA:5,1
DA:10,1
DA:13,1
DA:16,2
DA:17,2
DA:18,2
DA:20,2
DA:22,2
DA:24,1
DA:29,1
DA:31,1
DA:33,0
DA:34,0
DA:39,1
DA:40,1
DA:41,1
DA:42,1
DA:43,0
DA:45,1
DA:47,0
DA:48,0
DA:53,1
DA:54,1
DA:55,1
DA:56,1
DA:57,1
DA:58,0
DA:60,1
DA:61,1
DA:62,0
DA:66,1
DA:69,1
DA:71,0
DA:72,0
DA:76,1
LF:37
LH:28
BRDA:22,0,0,1
BRDA:22,0,1,1
BRDA:42,1,0,0
BRDA:42,1,1,1
BRDA:57,2,0,0
BRDA:57,2,1,1
BRDA:61,3,0,0
BRDA:61,3,1,1
BRF:8
BRH:5
end_of_record
TN:
SF:src\modules\users\repository\userRepository.ts
FN:5,(anonymous_8)
FN:5,(anonymous_9)
FN:12,(anonymous_10)
FN:12,(anonymous_11)
FN:17,(anonymous_12)
FN:17,(anonymous_13)
FNF:6
FNH:6
FNDA:1,(anonymous_8)
FNDA:1,(anonymous_9)
FNDA:1,(anonymous_10)
FNDA:1,(anonymous_11)
FNDA:1,(anonymous_12)
FNDA:1,(anonymous_13)
DA:1,1
DA:2,1
DA:5,1
DA:6,1
DA:7,1
DA:8,1
DA:12,1
DA:13,1
DA:17,1
DA:18,1
DA:21,1
LF:11
LH:11
BRF:0
BRH:0
end_of_record
TN:
SF:src\modules\users\test\users.spec.ts
FN:11,(anonymous_14)
FN:14,(anonymous_15)
FN:14,(anonymous_16)
FN:19,(anonymous_17)
FN:24,(anonymous_18)
FN:33,(anonymous_19)
FN:38,(anonymous_20)
FN:47,(anonymous_21)
FN:47,(anonymous_22)
FN:76,(anonymous_23)
FN:76,(anonymous_24)
FN:83,(anonymous_25)
FN:83,(anonymous_26)
FNF:13
FNH:13
FNDA:1,(anonymous_14)
FNDA:1,(anonymous_15)
FNDA:1,(anonymous_16)
FNDA:1,(anonymous_17)
FNDA:1,(anonymous_18)
FNDA:1,(anonymous_19)
FNDA:1,(anonymous_20)
FNDA:1,(anonymous_21)
FNDA:1,(anonymous_22)
FNDA:1,(anonymous_23)
FNDA:1,(anonymous_24)
FNDA:1,(anonymous_25)
FNDA:1,(anonymous_26)
DA:1,1
DA:3,1
DA:4,1
DA:5,1
DA:6,1
DA:8,1
DA:9,1
DA:11,1
DA:14,1
DA:16,1
DA:19,1
DA:20,1
DA:25,1
DA:26,1
DA:29,1
DA:33,1
DA:34,1
DA:39,1
DA:40,1
DA:43,1
DA:47,1
DA:49,1
DA:50,1
DA:51,0
DA:52,0
DA:59,1
DA:64,1
DA:65,1
DA:68,1
DA:69,1
DA:73,1
DA:76,1
DA:77,1
DA:78,1
DA:79,1
DA:83,1
DA:85,1
LF:37
LH:35
BRDA:50,0,0,0
BRDA:50,0,1,1
BRF:2
BRH:1
end_of_record
TN:
SF:src\routes\index.ts
FNF:0
FNH:0
DA:1,1
DA:3,1
DA:4,1
DA:6,1
DA:8,1
DA:10,1
DA:12,1
LF:7
LH:7
BRF:0
BRH:0
end_of_record
TN:
SF:src\routes\tasksRoute.ts
FNF:0
FNH:0
DA:1,1
DA:2,1
DA:4,1
DA:10,1
DA:13,1
DA:16,1
DA:19,1
DA:22,1
DA:27,1
LF:9
LH:9
BRF:0
BRH:0
end_of_record
TN:
SF:src\routes\usersRoute.ts
FNF:0
FNH:0
DA:1,1
DA:3,1
DA:9,1
DA:12,1
DA:15,1
DA:17,1
DA:19,1
LF:7
LH:7
BRF:0
BRH:0
end_of_record
