TN:
SF:src\index.ts
FN:12,(anonymous_1)
FN:13,(anonymous_2)
FN:17,(anonymous_3)
FNF:3
FNH:2
FNDA:1,(anonymous_1)
FNDA:1,(anonymous_2)
FNDA:0,(anonymous_3)
DA:1,1
DA:2,1
DA:3,1
DA:5,1
DA:6,1
DA:8,1
DA:10,1
DA:13,1
DA:14,1
DA:18,0
DA:19,0
DA:22,1
DA:23,1
DA:25,1
LF:14
LH:12
BRF:0
BRH:0
end_of_record
TN:
SF:src\middlewares\verifyToken.ts
FN:8,(anonymous_0)
FNF:1
FNH:0
FNDA:0,(anonymous_0)
DA:7,0
DA:8,0
DA:9,0
DA:10,0
DA:11,0
DA:13,0
DA:14,0
DA:16,0
DA:18,0
DA:20,0
LF:10
LH:0
BRDA:10,0,0,0
BRDA:10,0,1,0
BRF:2
BRH:0
end_of_record
TN:
SF:src\modules\tasks\controller\tasksController.ts
FN:6,(anonymous_8)
FN:6,(anonymous_9)
FN:21,(anonymous_10)
FN:21,(anonymous_11)
FN:36,(anonymous_12)
FN:36,(anonymous_13)
FN:54,(anonymous_14)
FN:54,(anonymous_15)
FN:87,(anonymous_16)
FN:87,(anonymous_17)
FNF:10
FNH:8
FNDA:1,(anonymous_8)
FNDA:1,(anonymous_9)
FNDA:1,(anonymous_10)
FNDA:1,(anonymous_11)
FNDA:1,(anonymous_12)
FNDA:1,(anonymous_13)
FNDA:1,(anonymous_14)
FNDA:1,(anonymous_15)
FNDA:0,(anonymous_16)
FNDA:0,(anonymous_17)
DA:1,1
DA:3,1
DA:6,1
DA:7,1
DA:11,1
DA:12,1
DA:13,1
DA:15,0
DA:16,0
DA:21,1
DA:22,1
DA:23,1
DA:24,1
DA:25,0
DA:27,1
DA:30,0
DA:31,0
DA:36,1
DA:37,1
DA:38,1
DA:39,0
DA:41,1
DA:42,1
DA:43,1
DA:44,0
DA:46,1
DA:48,0
DA:49,0
DA:54,1
DA:55,1
DA:58,1
DA:59,0
DA:62,1
DA:63,1
DA:66,1
DA:69,1
DA:72,1
DA:73,0
DA:77,1
DA:80,0
DA:81,0
DA:87,1
DA:88,0
DA:89,0
DA:90,0
DA:92,0
DA:93,0
DA:94,0
DA:95,0
DA:97,0
DA:99,0
DA:100,0
DA:104,1
LF:53
LH:30
BRDA:24,0,0,0
BRDA:24,0,1,1
BRDA:38,1,0,0
BRDA:38,1,1,1
BRDA:43,2,0,0
BRDA:43,2,1,1
BRDA:58,3,0,0
BRDA:58,3,1,1
BRDA:72,4,0,0
BRDA:72,4,1,1
BRDA:89,5,0,0
BRDA:89,5,1,0
BRDA:94,6,0,0
BRDA:94,6,1,0
BRF:14
BRH:5
end_of_record
TN:
SF:src\modules\tasks\test\tasks.spec.ts
FN:9,(anonymous_7)
FN:11,(anonymous_8)
FN:12,(anonymous_9)
FN:19,(anonymous_10)
FN:28,(anonymous_11)
FN:31,(anonymous_12)
FN:39,(anonymous_13)
FN:42,(anonymous_14)
FN:49,(anonymous_15)
FN:57,(anonymous_16)
FNF:10
FNH:10
FNDA:4,(anonymous_7)
FNDA:1,(anonymous_8)
FNDA:1,(anonymous_9)
FNDA:1,(anonymous_10)
FNDA:1,(anonymous_11)
FNDA:1,(anonymous_12)
FNDA:1,(anonymous_13)
FNDA:1,(anonymous_14)
FNDA:1,(anonymous_15)
FNDA:1,(anonymous_16)
DA:1,1
DA:3,1
DA:4,1
DA:7,1
DA:9,4
DA:11,1
DA:12,1
DA:13,1
DA:20,1
DA:21,1
DA:22,1
DA:23,1
DA:24,1
DA:28,1
DA:29,1
DA:32,1
DA:33,1
DA:34,1
DA:35,1
DA:39,1
DA:40,1
DA:43,1
DA:44,1
DA:45,1
DA:46,1
DA:49,1
DA:50,1
DA:55,1
DA:58,1
DA:59,1
DA:60,1
DA:61,1
DA:62,1
DA:63,1
LF:34
LH:34
BRF:0
BRH:0
end_of_record
TN:
SF:src\modules\users\controller\usersController.ts
FN:12,(anonymous_0)
FN:28,(anonymous_1)
FN:42,(anonymous_2)
FNF:3
FNH:0
FNDA:0,(anonymous_0)
FNDA:0,(anonymous_1)
FNDA:0,(anonymous_2)
DA:7,0
DA:12,0
DA:13,0
DA:14,0
DA:18,0
DA:19,0
DA:20,0
DA:22,0
DA:23,0
DA:28,0
DA:29,0
DA:30,0
DA:31,0
DA:32,0
DA:34,0
DA:36,0
DA:37,0
DA:42,0
DA:43,0
DA:44,0
DA:45,0
DA:46,0
DA:47,0
DA:49,0
DA:50,0
DA:51,0
DA:55,0
DA:58,0
DA:60,0
DA:64,0
LF:30
LH:0
BRDA:31,0,0,0
BRDA:31,0,1,0
BRDA:46,1,0,0
BRDA:46,1,1,0
BRDA:50,2,0,0
BRDA:50,2,1,0
BRF:6
BRH:0
end_of_record
TN:
SF:src\routes\index.ts
FNF:0
FNH:0
DA:1,1
DA:3,1
DA:5,1
DA:7,1
DA:9,1
LF:5
LH:5
BRF:0
BRH:0
end_of_record
TN:
SF:src\routes\tasksRoute.ts
FNF:0
FNH:0
DA:1,1
DA:2,1
DA:4,1
DA:10,1
DA:13,1
DA:16,1
DA:19,1
DA:22,1
DA:24,1
LF:9
LH:9
BRF:0
BRH:0
end_of_record
TN:
SF:src\routes\usersRoute.ts
FNF:0
FNH:0
LF:0
LH:0
BRF:0
BRH:0
end_of_record
