{"D:\\Courses\\ATLP\\Codes\\ts todo list app\\backend\\src\\modules\\tasks\\test\\tasks.spec.ts":{"path":"D:\\Courses\\ATLP\\Codes\\ts todo list app\\backend\\src\\modules\\tasks\\test\\tasks.spec.ts","statementMap":{"0":{"start":{"line":2,"column":22},"end":{"line":12,"column":3}},"1":{"start":{"line":3,"column":4},"end":{"line":3,"column":33}},"2":{"start":{"line":3,"column":26},"end":{"line":3,"column":33}},"3":{"start":{"line":4,"column":15},"end":{"line":4,"column":52}},"4":{"start":{"line":5,"column":4},"end":{"line":7,"column":5}},"5":{"start":{"line":6,"column":6},"end":{"line":6,"column":68}},"6":{"start":{"line":6,"column":51},"end":{"line":6,"column":63}},"7":{"start":{"line":8,"column":4},"end":{"line":8,"column":39}},"8":{"start":{"line":10,"column":4},"end":{"line":10,"column":33}},"9":{"start":{"line":10,"column":26},"end":{"line":10,"column":33}},"10":{"start":{"line":11,"column":4},"end":{"line":11,"column":17}},"11":{"start":{"line":13,"column":25},"end":{"line":17,"column":2}},"12":{"start":{"line":14,"column":4},"end":{"line":14,"column":72}},"13":{"start":{"line":16,"column":4},"end":{"line":16,"column":21}},"14":{"start":{"line":18,"column":19},"end":{"line":24,"column":1}},"15":{"start":{"line":19,"column":4},"end":{"line":19,"column":42}},"16":{"start":{"line":19,"column":31},"end":{"line":19,"column":42}},"17":{"start":{"line":20,"column":17},"end":{"line":20,"column":19}},"18":{"start":{"line":21,"column":4},"end":{"line":21,"column":141}},"19":{"start":{"line":21,"column":21},"end":{"line":21,"column":141}},"20":{"start":{"line":21,"column":40},"end":{"line":21,"column":141}},"21":{"start":{"line":21,"column":109},"end":{"line":21,"column":141}},"22":{"start":{"line":22,"column":4},"end":{"line":22,"column":36}},"23":{"start":{"line":23,"column":4},"end":{"line":23,"column":18}},"24":{"start":{"line":25,"column":22},"end":{"line":27,"column":1}},"25":{"start":{"line":26,"column":4},"end":{"line":26,"column":62}},"26":{"start":{"line":28,"column":0},"end":{"line":28,"column":62}},"27":{"start":{"line":29,"column":16},"end":{"line":29,"column":58}},"28":{"start":{"line":30,"column":20},"end":{"line":30,"column":57}},"29":{"start":{"line":31,"column":15},"end":{"line":31,"column":44}},"30":{"start":{"line":32,"column":0},"end":{"line":32,"column":40}},"31":{"start":{"line":33,"column":15},"end":{"line":33,"column":60}},"32":{"start":{"line":33,"column":21},"end":{"line":33,"column":60}},"33":{"start":{"line":34,"column":0},"end":{"line":114,"column":3}},"34":{"start":{"line":36,"column":4},"end":{"line":52,"column":7}},"35":{"start":{"line":37,"column":8},"end":{"line":51,"column":11}},"36":{"start":{"line":44,"column":12},"end":{"line":44,"column":61}},"37":{"start":{"line":45,"column":12},"end":{"line":45,"column":64}},"38":{"start":{"line":46,"column":12},"end":{"line":46,"column":71}},"39":{"start":{"line":47,"column":12},"end":{"line":47,"column":72}},"40":{"start":{"line":49,"column":12},"end":{"line":49,"column":44}},"41":{"start":{"line":50,"column":12},"end":{"line":50,"column":24}},"42":{"start":{"line":53,"column":4},"end":{"line":62,"column":7}},"43":{"start":{"line":54,"column":8},"end":{"line":61,"column":11}},"44":{"start":{"line":57,"column":12},"end":{"line":57,"column":61}},"45":{"start":{"line":58,"column":12},"end":{"line":58,"column":64}},"46":{"start":{"line":59,"column":12},"end":{"line":59,"column":72}},"47":{"start":{"line":60,"column":12},"end":{"line":60,"column":24}},"48":{"start":{"line":63,"column":4},"end":{"line":72,"column":7}},"49":{"start":{"line":64,"column":8},"end":{"line":71,"column":11}},"50":{"start":{"line":67,"column":12},"end":{"line":67,"column":61}},"51":{"start":{"line":68,"column":12},"end":{"line":68,"column":64}},"52":{"start":{"line":69,"column":12},"end":{"line":69,"column":72}},"53":{"start":{"line":70,"column":12},"end":{"line":70,"column":24}},"54":{"start":{"line":73,"column":4},"end":{"line":89,"column":7}},"55":{"start":{"line":74,"column":24},"end":{"line":77,"column":9}},"56":{"start":{"line":78,"column":8},"end":{"line":88,"column":11}},"57":{"start":{"line":82,"column":12},"end":{"line":82,"column":61}},"58":{"start":{"line":83,"column":12},"end":{"line":83,"column":64}},"59":{"start":{"line":84,"column":12},"end":{"line":84,"column":71}},"60":{"start":{"line":85,"column":12},"end":{"line":85,"column":83}},"61":{"start":{"line":86,"column":12},"end":{"line":86,"column":95}},"62":{"start":{"line":87,"column":12},"end":{"line":87,"column":24}},"63":{"start":{"line":90,"column":4},"end":{"line":99,"column":7}},"64":{"start":{"line":91,"column":8},"end":{"line":98,"column":11}},"65":{"start":{"line":94,"column":12},"end":{"line":94,"column":61}},"66":{"start":{"line":95,"column":12},"end":{"line":95,"column":64}},"67":{"start":{"line":96,"column":12},"end":{"line":96,"column":72}},"68":{"start":{"line":97,"column":12},"end":{"line":97,"column":24}},"69":{"start":{"line":100,"column":4},"end":{"line":113,"column":7}},"70":{"start":{"line":101,"column":8},"end":{"line":112,"column":11}},"71":{"start":{"line":108,"column":12},"end":{"line":108,"column":61}},"72":{"start":{"line":109,"column":12},"end":{"line":109,"column":64}},"73":{"start":{"line":110,"column":12},"end":{"line":110,"column":72}},"74":{"start":{"line":111,"column":12},"end":{"line":111,"column":24}}},"fnMap":{"0":{"name":"(anonymous_0)","decl":{"start":{"line":2,"column":74},"end":{"line":2,"column":75}},"loc":{"start":{"line":2,"column":96},"end":{"line":9,"column":1}},"line":2},"1":{"name":"(anonymous_1)","decl":{"start":{"line":6,"column":38},"end":{"line":6,"column":39}},"loc":{"start":{"line":6,"column":49},"end":{"line":6,"column":65}},"line":6},"2":{"name":"(anonymous_2)","decl":{"start":{"line":9,"column":6},"end":{"line":9,"column":7}},"loc":{"start":{"line":9,"column":28},"end":{"line":12,"column":1}},"line":9},"3":{"name":"(anonymous_3)","decl":{"start":{"line":13,"column":80},"end":{"line":13,"column":81}},"loc":{"start":{"line":13,"column":95},"end":{"line":15,"column":1}},"line":13},"4":{"name":"(anonymous_4)","decl":{"start":{"line":15,"column":5},"end":{"line":15,"column":6}},"loc":{"start":{"line":15,"column":20},"end":{"line":17,"column":1}},"line":15},"5":{"name":"(anonymous_5)","decl":{"start":{"line":18,"column":50},"end":{"line":18,"column":51}},"loc":{"start":{"line":18,"column":65},"end":{"line":24,"column":1}},"line":18},"6":{"name":"(anonymous_6)","decl":{"start":{"line":25,"column":56},"end":{"line":25,"column":57}},"loc":{"start":{"line":25,"column":71},"end":{"line":27,"column":1}},"line":25},"7":{"name":"(anonymous_7)","decl":{"start":{"line":33,"column":15},"end":{"line":33,"column":16}},"loc":{"start":{"line":33,"column":21},"end":{"line":33,"column":60}},"line":33},"8":{"name":"(anonymous_8)","decl":{"start":{"line":34,"column":32},"end":{"line":34,"column":33}},"loc":{"start":{"line":34,"column":38},"end":{"line":114,"column":1}},"line":34},"9":{"name":"(anonymous_9)","decl":{"start":{"line":36,"column":27},"end":{"line":36,"column":28}},"loc":{"start":{"line":36,"column":37},"end":{"line":52,"column":5}},"line":36},"10":{"name":"(anonymous_10)","decl":{"start":{"line":43,"column":17},"end":{"line":43,"column":18}},"loc":{"start":{"line":43,"column":38},"end":{"line":51,"column":9}},"line":43},"11":{"name":"(anonymous_11)","decl":{"start":{"line":53,"column":37},"end":{"line":53,"column":38}},"loc":{"start":{"line":53,"column":47},"end":{"line":62,"column":5}},"line":53},"12":{"name":"(anonymous_12)","decl":{"start":{"line":56,"column":17},"end":{"line":56,"column":18}},"loc":{"start":{"line":56,"column":38},"end":{"line":61,"column":9}},"line":56},"13":{"name":"(anonymous_13)","decl":{"start":{"line":63,"column":33},"end":{"line":63,"column":34}},"loc":{"start":{"line":63,"column":43},"end":{"line":72,"column":5}},"line":63},"14":{"name":"(anonymous_14)","decl":{"start":{"line":66,"column":17},"end":{"line":66,"column":18}},"loc":{"start":{"line":66,"column":38},"end":{"line":71,"column":9}},"line":66},"15":{"name":"(anonymous_15)","decl":{"start":{"line":73,"column":29},"end":{"line":73,"column":30}},"loc":{"start":{"line":73,"column":39},"end":{"line":89,"column":5}},"line":73},"16":{"name":"(anonymous_16)","decl":{"start":{"line":81,"column":17},"end":{"line":81,"column":18}},"loc":{"start":{"line":81,"column":38},"end":{"line":88,"column":9}},"line":81},"17":{"name":"(anonymous_17)","decl":{"start":{"line":90,"column":29},"end":{"line":90,"column":30}},"loc":{"start":{"line":90,"column":39},"end":{"line":99,"column":5}},"line":90},"18":{"name":"(anonymous_18)","decl":{"start":{"line":93,"column":17},"end":{"line":93,"column":18}},"loc":{"start":{"line":93,"column":38},"end":{"line":98,"column":9}},"line":93},"19":{"name":"(anonymous_19)","decl":{"start":{"line":100,"column":69},"end":{"line":100,"column":70}},"loc":{"start":{"line":100,"column":79},"end":{"line":113,"column":5}},"line":100},"20":{"name":"(anonymous_20)","decl":{"start":{"line":107,"column":17},"end":{"line":107,"column":18}},"loc":{"start":{"line":107,"column":38},"end":{"line":112,"column":9}},"line":107}},"branchMap":{"0":{"loc":{"start":{"line":2,"column":22},"end":{"line":12,"column":3}},"type":"binary-expr","locations":[{"start":{"line":2,"column":23},"end":{"line":2,"column":27}},{"start":{"line":2,"column":31},"end":{"line":2,"column":51}},{"start":{"line":2,"column":57},"end":{"line":12,"column":2}}],"line":2},"1":{"loc":{"start":{"line":2,"column":57},"end":{"line":12,"column":2}},"type":"cond-expr","locations":[{"start":{"line":2,"column":74},"end":{"line":9,"column":1}},{"start":{"line":9,"column":6},"end":{"line":12,"column":1}}],"line":2},"2":{"loc":{"start":{"line":3,"column":4},"end":{"line":3,"column":33}},"type":"if","locations":[{"start":{"line":3,"column":4},"end":{"line":3,"column":33}},{"start":{"line":3,"column":4},"end":{"line":3,"column":33}}],"line":3},"3":{"loc":{"start":{"line":5,"column":4},"end":{"line":7,"column":5}},"type":"if","locations":[{"start":{"line":5,"column":4},"end":{"line":7,"column":5}},{"start":{"line":5,"column":4},"end":{"line":7,"column":5}}],"line":5},"4":{"loc":{"start":{"line":5,"column":8},"end":{"line":5,"column":85}},"type":"binary-expr","locations":[{"start":{"line":5,"column":8},"end":{"line":5,"column":13}},{"start":{"line":5,"column":18},"end":{"line":5,"column":84}}],"line":5},"5":{"loc":{"start":{"line":5,"column":18},"end":{"line":5,"column":84}},"type":"cond-expr","locations":[{"start":{"line":5,"column":34},"end":{"line":5,"column":47}},{"start":{"line":5,"column":50},"end":{"line":5,"column":84}}],"line":5},"6":{"loc":{"start":{"line":5,"column":50},"end":{"line":5,"column":84}},"type":"binary-expr","locations":[{"start":{"line":5,"column":50},"end":{"line":5,"column":63}},{"start":{"line":5,"column":67},"end":{"line":5,"column":84}}],"line":5},"7":{"loc":{"start":{"line":10,"column":4},"end":{"line":10,"column":33}},"type":"if","locations":[{"start":{"line":10,"column":4},"end":{"line":10,"column":33}},{"start":{"line":10,"column":4},"end":{"line":10,"column":33}}],"line":10},"8":{"loc":{"start":{"line":13,"column":25},"end":{"line":17,"column":2}},"type":"binary-expr","locations":[{"start":{"line":13,"column":26},"end":{"line":13,"column":30}},{"start":{"line":13,"column":34},"end":{"line":13,"column":57}},{"start":{"line":13,"column":63},"end":{"line":17,"column":1}}],"line":13},"9":{"loc":{"start":{"line":13,"column":63},"end":{"line":17,"column":1}},"type":"cond-expr","locations":[{"start":{"line":13,"column":80},"end":{"line":15,"column":1}},{"start":{"line":15,"column":5},"end":{"line":17,"column":1}}],"line":13},"10":{"loc":{"start":{"line":18,"column":19},"end":{"line":24,"column":1}},"type":"binary-expr","locations":[{"start":{"line":18,"column":20},"end":{"line":18,"column":24}},{"start":{"line":18,"column":28},"end":{"line":18,"column":45}},{"start":{"line":18,"column":50},"end":{"line":24,"column":1}}],"line":18},"11":{"loc":{"start":{"line":19,"column":4},"end":{"line":19,"column":42}},"type":"if","locations":[{"start":{"line":19,"column":4},"end":{"line":19,"column":42}},{"start":{"line":19,"column":4},"end":{"line":19,"column":42}}],"line":19},"12":{"loc":{"start":{"line":19,"column":8},"end":{"line":19,"column":29}},"type":"binary-expr","locations":[{"start":{"line":19,"column":8},"end":{"line":19,"column":11}},{"start":{"line":19,"column":15},"end":{"line":19,"column":29}}],"line":19},"13":{"loc":{"start":{"line":21,"column":4},"end":{"line":21,"column":141}},"type":"if","locations":[{"start":{"line":21,"column":4},"end":{"line":21,"column":141}},{"start":{"line":21,"column":4},"end":{"line":21,"column":141}}],"line":21},"14":{"loc":{"start":{"line":21,"column":40},"end":{"line":21,"column":141}},"type":"if","locations":[{"start":{"line":21,"column":40},"end":{"line":21,"column":141}},{"start":{"line":21,"column":40},"end":{"line":21,"column":141}}],"line":21},"15":{"loc":{"start":{"line":21,"column":44},"end":{"line":21,"column":107}},"type":"binary-expr","locations":[{"start":{"line":21,"column":44},"end":{"line":21,"column":59}},{"start":{"line":21,"column":63},"end":{"line":21,"column":107}}],"line":21},"16":{"loc":{"start":{"line":25,"column":22},"end":{"line":27,"column":1}},"type":"binary-expr","locations":[{"start":{"line":25,"column":23},"end":{"line":25,"column":27}},{"start":{"line":25,"column":31},"end":{"line":25,"column":51}},{"start":{"line":25,"column":56},"end":{"line":27,"column":1}}],"line":25},"17":{"loc":{"start":{"line":26,"column":11},"end":{"line":26,"column":61}},"type":"cond-expr","locations":[{"start":{"line":26,"column":37},"end":{"line":26,"column":40}},{"start":{"line":26,"column":43},"end":{"line":26,"column":61}}],"line":26},"18":{"loc":{"start":{"line":26,"column":12},"end":{"line":26,"column":33}},"type":"binary-expr","locations":[{"start":{"line":26,"column":12},"end":{"line":26,"column":15}},{"start":{"line":26,"column":19},"end":{"line":26,"column":33}}],"line":26}},"s":{"0":1,"1":10,"2":10,"3":10,"4":10,"5":10,"6":21,"7":10,"8":0,"9":0,"10":0,"11":1,"12":1,"13":0,"14":1,"15":1,"16":0,"17":1,"18":1,"19":1,"20":10,"21":10,"22":1,"23":1,"24":1,"25":2,"26":1,"27":1,"28":1,"29":1,"30":1,"31":1,"32":6,"33":1,"34":1,"35":1,"36":1,"37":1,"38":1,"39":1,"40":1,"41":1,"42":1,"43":1,"44":1,"45":1,"46":1,"47":1,"48":1,"49":1,"50":1,"51":1,"52":1,"53":1,"54":1,"55":1,"56":1,"57":1,"58":1,"59":1,"60":1,"61":1,"62":1,"63":1,"64":1,"65":1,"66":1,"67":1,"68":1,"69":1,"70":1,"71":1,"72":1,"73":1,"74":1},"f":{"0":10,"1":21,"2":0,"3":1,"4":0,"5":1,"6":2,"7":6,"8":1,"9":1,"10":1,"11":1,"12":1,"13":1,"14":1,"15":1,"16":1,"17":1,"18":1,"19":1,"20":1},"b":{"0":[1,1,1],"1":[1,0],"2":[10,0],"3":[10,0],"4":[10,10],"5":[0,10],"6":[10,0],"7":[0,0],"8":[1,1,1],"9":[1,0],"10":[1,1,1],"11":[0,1],"12":[1,1],"13":[1,0],"14":[10,0],"15":[10,10],"16":[1,1,1],"17":[1,1],"18":[2,2]},"inputSourceMap":{"version":3,"file":"D:/Courses/ATLP/Codes/ts todo list app/backend/src/modules/tasks/test/tasks.spec.ts","sources":["D:/Courses/ATLP/Codes/ts todo list app/backend/src/modules/tasks/test/tasks.spec.ts"],"names":[],"mappings":";;;;;;;;;;;;;;;;;;;;;;;;;;;;AAAA,2DAAiC;AAEjC,0DAAiC;AACjC,6CAAoC;AAGpC,cAAI,CAAC,GAAG,CAAC,mBAAQ,CAAC,CAAC;AAEnB,MAAM,MAAM,GAAG,GAAG,EAAE,CAAC,cAAI,CAAC,OAAO,CAAC,eAAG,CAAC,CAAC;AAEvC,QAAQ,CAAC,qBAAqB,EAAE,GAAG,EAAE;IACnC,IAAI,MAAc,CAAC,CAAC,6DAA6D;IAEjF,EAAE,CAAC,kBAAkB,EAAE,CAAC,IAAI,EAAE,EAAE;QAC9B,MAAM,EAAE;aACL,IAAI,CAAC,aAAa,CAAC;aACnB,IAAI,CAAC;YACJ,KAAK,EAAE,OAAO;YACd,WAAW,EAAE,uBAAuB;SACrC,CAAC;aACD,GAAG,CAAC,CAAC,KAAK,EAAE,QAAQ,EAAE,EAAE;YACvB,IAAA,aAAM,EAAC,QAAQ,CAAC,CAAC,EAAE,CAAC,IAAI,CAAC,MAAM,CAAC,GAAG,CAAC,CAAC;YACrC,IAAA,aAAM,EAAC,QAAQ,CAAC,IAAI,CAAC,CAAC,EAAE,CAAC,EAAE,CAAC,CAAC,CAAC,QAAQ,CAAC,CAAC;YACxC,IAAA,aAAM,EAAC,QAAQ,CAAC,IAAI,CAAC,CAAC,EAAE,CAAC,IAAI,CAAC,QAAQ,CAAC,MAAM,CAAC,CAAC;YAC/C,IAAA,aAAM,EAAC,QAAQ,CAAC,IAAI,CAAC,OAAO,CAAC,CAAC,EAAE,CAAC,EAAE,CAAC,CAAC,CAAC,QAAQ,CAAC,CAAC;YAEhD,kCAAkC;YAClC,MAAM,GAAG,QAAQ,CAAC,IAAI,CAAC,IAAI,CAAC,GAAG,CAAC;YAEhC,IAAI,CAAC,KAAK,CAAC,CAAC;QACd,CAAC,CAAC,CAAC;IACP,CAAC,CAAC,CAAC;IAEH,EAAE,CAAC,4BAA4B,EAAE,CAAC,IAAI,EAAE,EAAE;QACxC,MAAM,EAAE;aACL,GAAG,CAAC,aAAa,CAAC;aAClB,GAAG,CAAC,CAAC,KAAK,EAAE,QAAQ,EAAE,EAAE;YACvB,IAAA,aAAM,EAAC,QAAQ,CAAC,CAAC,EAAE,CAAC,IAAI,CAAC,MAAM,CAAC,GAAG,CAAC,CAAC;YACrC,IAAA,aAAM,EAAC,QAAQ,CAAC,IAAI,CAAC,CAAC,EAAE,CAAC,EAAE,CAAC,CAAC,CAAC,QAAQ,CAAC,CAAC;YACxC,IAAA,aAAM,EAAC,QAAQ,CAAC,IAAI,CAAC,OAAO,CAAC,CAAC,EAAE,CAAC,EAAE,CAAC,CAAC,CAAC,QAAQ,CAAC,CAAC;YAChD,IAAI,CAAC,KAAK,CAAC,CAAC;QACd,CAAC,CAAC,CAAC;IACP,CAAC,CAAC,CAAC;IAEH,EAAE,CAAC,wBAAwB,EAAE,CAAC,IAAI,EAAE,EAAE;QACpC,MAAM,EAAE;aACL,GAAG,CAAC,cAAc,MAAM,EAAE,CAAC,CAAC,yBAAyB;aACrD,GAAG,CAAC,CAAC,KAAK,EAAE,QAAQ,EAAE,EAAE;YACvB,IAAA,aAAM,EAAC,QAAQ,CAAC,CAAC,EAAE,CAAC,IAAI,CAAC,MAAM,CAAC,GAAG,CAAC,CAAC;YACrC,IAAA,aAAM,EAAC,QAAQ,CAAC,IAAI,CAAC,CAAC,EAAE,CAAC,EAAE,CAAC,CAAC,CAAC,QAAQ,CAAC,CAAC;YACxC,IAAA,aAAM,EAAC,QAAQ,CAAC,IAAI,CAAC,OAAO,CAAC,CAAC,EAAE,CAAC,EAAE,CAAC,CAAC,CAAC,QAAQ,CAAC,CAAC;YAChD,IAAI,CAAC,KAAK,CAAC,CAAC;QACd,CAAC,CAAC,CAAC;IACP,CAAC,CAAC,CAAC;IAEH,EAAE,CAAC,oBAAoB,EAAE,CAAC,IAAI,EAAE,EAAE;QAChC,MAAM,OAAO,GAAG;YACd,KAAK,EAAE,QAAQ;YACf,WAAW,EAAE,qBAAqB;SACnC,CAAC;QAEF,MAAM,EAAE;aACL,KAAK,CAAC,cAAc,MAAM,EAAE,CAAC,CAAC,yBAAyB;aACvD,IAAI,CAAC,OAAO,CAAC,CAAC,wCAAwC;aACtD,GAAG,CAAC,CAAC,KAAK,EAAE,QAAQ,EAAE,EAAE;YACvB,IAAA,aAAM,EAAC,QAAQ,CAAC,CAAC,EAAE,CAAC,IAAI,CAAC,MAAM,CAAC,GAAG,CAAC,CAAC;YACrC,IAAA,aAAM,EAAC,QAAQ,CAAC,IAAI,CAAC,CAAC,EAAE,CAAC,EAAE,CAAC,CAAC,CAAC,QAAQ,CAAC,CAAC;YACxC,IAAA,aAAM,EAAC,QAAQ,CAAC,IAAI,CAAC,MAAM,CAAC,CAAC,EAAE,CAAC,EAAE,CAAC,CAAC,CAAC,QAAQ,CAAC,CAAC;YAC/C,IAAA,aAAM,EAAC,QAAQ,CAAC,IAAI,CAAC,MAAM,CAAC,KAAK,CAAC,CAAC,EAAE,CAAC,KAAK,CAAC,OAAO,CAAC,KAAK,CAAC,CAAC;YAC3D,IAAA,aAAM,EAAC,QAAQ,CAAC,IAAI,CAAC,MAAM,CAAC,WAAW,CAAC,CAAC,EAAE,CAAC,KAAK,CAAC,OAAO,CAAC,WAAW,CAAC,CAAC;YACvE,IAAI,CAAC,KAAK,CAAC,CAAC;QACd,CAAC,CAAC,CAAC;IACP,CAAC,CAAC,CAAC;IAEH,EAAE,CAAC,oBAAoB,EAAE,CAAC,IAAI,EAAE,EAAE;QAChC,MAAM,EAAE;aACL,MAAM,CAAC,cAAc,MAAM,EAAE,CAAC,CAAC,yBAAyB;aACxD,GAAG,CAAC,CAAC,KAAK,EAAE,QAAQ,EAAE,EAAE;YACvB,IAAA,aAAM,EAAC,QAAQ,CAAC,CAAC,EAAE,CAAC,IAAI,CAAC,MAAM,CAAC,GAAG,CAAC,CAAC;YACrC,IAAA,aAAM,EAAC,QAAQ,CAAC,IAAI,CAAC,CAAC,EAAE,CAAC,EAAE,CAAC,CAAC,CAAC,QAAQ,CAAC,CAAC;YACxC,IAAA,aAAM,EAAC,QAAQ,CAAC,IAAI,CAAC,OAAO,CAAC,CAAC,EAAE,CAAC,EAAE,CAAC,CAAC,CAAC,QAAQ,CAAC,CAAC;YAChD,IAAI,CAAC,KAAK,CAAC,CAAC;QACd,CAAC,CAAC,CAAC;IACP,CAAC,CAAC,CAAC;IAEH,EAAE,CAAC,4DAA4D,EAAE,CAAC,IAAI,EAAE,EAAE;QACxE,MAAM,EAAE;aACL,IAAI,CAAC,aAAa,CAAC;aACnB,IAAI,CAAC;YACJ,+BAA+B;YAC/B,WAAW,EAAE,yBAAyB;SACvC,CAAC;aACD,GAAG,CAAC,CAAC,KAAK,EAAE,QAAQ,EAAE,EAAE;YACvB,IAAA,aAAM,EAAC,QAAQ,CAAC,CAAC,EAAE,CAAC,IAAI,CAAC,MAAM,CAAC,GAAG,CAAC,CAAC,CAAC,+CAA+C;YACrF,IAAA,aAAM,EAAC,QAAQ,CAAC,IAAI,CAAC,CAAC,EAAE,CAAC,EAAE,CAAC,CAAC,CAAC,QAAQ,CAAC,CAAC;YACxC,IAAA,aAAM,EAAC,QAAQ,CAAC,IAAI,CAAC,CAAC,EAAE,CAAC,IAAI,CAAC,QAAQ,CAAC,OAAO,CAAC,CAAC;YAChD,IAAI,CAAC,KAAK,CAAC,CAAC;QACd,CAAC,CAAC,CAAC;IACP,CAAC,CAAC,CAAC;AACL,CAAC,CAAC,CAAC","sourcesContent":["import app from \"../../../index\";\r\n\r\nimport chaiHttp from \"chai-http\";\r\nimport chai, { expect } from \"chai\";\r\nimport { response } from \"express\";\r\n\r\nchai.use(chaiHttp);\r\n\r\nconst router = () => chai.request(app);\r\n\r\ndescribe(\"Task API Test Cases\", () => {\r\n  let taskId: string; // Store the task ID for later use in update and delete tests\r\n\r\n  it(\"Should Post Task\", (done) => {\r\n    router()\r\n      .post(\"/api/tasks/\")\r\n      .send({\r\n        title: \"task1\",\r\n        description: \"I will start by task1\",\r\n      })\r\n      .end((error, response) => {\r\n        expect(response).to.have.status(201);\r\n        expect(response.body).to.be.a(\"object\");\r\n        expect(response.body).to.have.property(\"data\");\r\n        expect(response.body.message).to.be.a(\"string\");\r\n\r\n        // Store the task ID for later use\r\n        taskId = response.body.data._id;\r\n\r\n        done(error);\r\n      });\r\n  });\r\n\r\n  it(\"It should return all tasks\", (done) => {\r\n    router()\r\n      .get(\"/api/tasks/\")\r\n      .end((error, response) => {\r\n        expect(response).to.have.status(200);\r\n        expect(response.body).to.be.a(\"object\");\r\n        expect(response.body.message).to.be.a(\"string\");\r\n        done(error);\r\n      });\r\n  });\r\n\r\n  it(\"Should return one Task\", (done) => {\r\n    router()\r\n      .get(`/api/tasks/${taskId}`) // Use the stored task ID\r\n      .end((error, response) => {\r\n        expect(response).to.have.status(200);\r\n        expect(response.body).to.be.a(\"object\");\r\n        expect(response.body.message).to.be.a(\"string\");\r\n        done(error);\r\n      });\r\n  });\r\n\r\n  it(\"Should Update task\", (done) => {\r\n    const newData = {\r\n      title: \"Task10\",\r\n      description: \"This is task update\",\r\n    };\r\n\r\n    router()\r\n      .patch(`/api/tasks/${taskId}`) // Use the stored task ID\r\n      .send(newData) // Send updated data in the request body\r\n      .end((error, response) => {\r\n        expect(response).to.have.status(200);\r\n        expect(response.body).to.be.a(\"object\");\r\n        expect(response.body.result).to.be.a(\"object\");\r\n        expect(response.body.result.title).to.equal(newData.title);\r\n        expect(response.body.result.description).to.equal(newData.description);\r\n        done(error);\r\n      });\r\n  });\r\n\r\n  it(\"Should Delete task\", (done) => {\r\n    router()\r\n      .delete(`/api/tasks/${taskId}`) // Use the stored task ID\r\n      .end((error, response) => {\r\n        expect(response).to.have.status(200);\r\n        expect(response.body).to.be.a(\"object\");\r\n        expect(response.body.message).to.be.a(\"string\");\r\n        done(error);\r\n      });\r\n  });\r\n\r\n  it(\"Should handle errors when posting a task with invalid data\", (done) => {\r\n    router()\r\n      .post(\"/api/tasks/\")\r\n      .send({\r\n        // Invalid data without a title\r\n        description: \"This is an invalid task\",\r\n      })\r\n      .end((error, response) => {\r\n        expect(response).to.have.status(500); // Expecting a server error due to invalid data\r\n        expect(response.body).to.be.a(\"object\");\r\n        expect(response.body).to.have.property(\"error\");\r\n        done(error);\r\n      });\r\n  });\r\n});\r\n"]},"_coverageSchema":"1a1c01bbd47fc00a2c39e90264f33305004495a9","hash":"86e56e381be65a7f7eceb6094dbf3d2577264873"},"D:\\Courses\\ATLP\\Codes\\ts todo list app\\backend\\src\\index.ts":{"path":"D:\\Courses\\ATLP\\Codes\\ts todo list app\\backend\\src\\index.ts","statementMap":{"0":{"start":{"line":2,"column":22},"end":{"line":4,"column":1}},"1":{"start":{"line":3,"column":4},"end":{"line":3,"column":62}},"2":{"start":{"line":5,"column":0},"end":{"line":5,"column":62}},"3":{"start":{"line":6,"column":18},"end":{"line":6,"column":53}},"4":{"start":{"line":7,"column":17},"end":{"line":7,"column":53}},"5":{"start":{"line":8,"column":15},"end":{"line":8,"column":47}},"6":{"start":{"line":9,"column":0},"end":{"line":9,"column":38}},"7":{"start":{"line":10,"column":12},"end":{"line":10,"column":36}},"8":{"start":{"line":11,"column":13},"end":{"line":11,"column":17}},"9":{"start":{"line":12,"column":0},"end":{"line":12,"column":31}},"10":{"start":{"line":14,"column":0},"end":{"line":17,"column":3}},"11":{"start":{"line":15,"column":4},"end":{"line":15,"column":45}},"12":{"start":{"line":16,"column":4},"end":{"line":16,"column":11}},"13":{"start":{"line":18,"column":0},"end":{"line":20,"column":3}},"14":{"start":{"line":19,"column":4},"end":{"line":19,"column":59}},"15":{"start":{"line":21,"column":0},"end":{"line":21,"column":34}},"16":{"start":{"line":22,"column":0},"end":{"line":22,"column":34}},"17":{"start":{"line":23,"column":0},"end":{"line":23,"column":22}}},"fnMap":{"0":{"name":"(anonymous_0)","decl":{"start":{"line":2,"column":56},"end":{"line":2,"column":57}},"loc":{"start":{"line":2,"column":71},"end":{"line":4,"column":1}},"line":2},"1":{"name":"(anonymous_1)","decl":{"start":{"line":14,"column":8},"end":{"line":14,"column":9}},"loc":{"start":{"line":14,"column":28},"end":{"line":17,"column":1}},"line":14},"2":{"name":"(anonymous_2)","decl":{"start":{"line":18,"column":17},"end":{"line":18,"column":18}},"loc":{"start":{"line":18,"column":23},"end":{"line":20,"column":1}},"line":18}},"branchMap":{"0":{"loc":{"start":{"line":2,"column":22},"end":{"line":4,"column":1}},"type":"binary-expr","locations":[{"start":{"line":2,"column":23},"end":{"line":2,"column":27}},{"start":{"line":2,"column":31},"end":{"line":2,"column":51}},{"start":{"line":2,"column":56},"end":{"line":4,"column":1}}],"line":2},"1":{"loc":{"start":{"line":3,"column":11},"end":{"line":3,"column":61}},"type":"cond-expr","locations":[{"start":{"line":3,"column":37},"end":{"line":3,"column":40}},{"start":{"line":3,"column":43},"end":{"line":3,"column":61}}],"line":3},"2":{"loc":{"start":{"line":3,"column":12},"end":{"line":3,"column":33}},"type":"binary-expr","locations":[{"start":{"line":3,"column":12},"end":{"line":3,"column":15}},{"start":{"line":3,"column":19},"end":{"line":3,"column":33}}],"line":3}},"s":{"0":1,"1":3,"2":1,"3":1,"4":1,"5":1,"6":1,"7":1,"8":1,"9":1,"10":1,"11":10,"12":10,"13":1,"14":1,"15":1,"16":1,"17":1},"f":{"0":3,"1":10,"2":1},"b":{"0":[1,1,1],"1":[1,2],"2":[3,3]},"inputSourceMap":{"version":3,"file":"D:/Courses/ATLP/Codes/ts todo list app/backend/src/index.ts","sources":["D:/Courses/ATLP/Codes/ts todo list app/backend/src/index.ts"],"names":[],"mappings":";;;;;AAAA,sDAA4E;AAE5E,sDAA8B;AAC9B,gDAAwB;AAExB,sCAAoC;AAEpC,MAAM,GAAG,GAAY,IAAA,iBAAO,GAAE,CAAC;AAC/B,MAAM,IAAI,GAAW,IAAI,CAAC;AAE1B,GAAG,CAAC,GAAG,CAAC,IAAA,cAAI,GAAE,CAAC,CAAC,CAAC,8BAA8B;AAE/C,6CAA6C;AAC7C,GAAG,CAAC,GAAG,CAAC,CAAC,GAAY,EAAE,GAAa,EAAE,IAAkB,EAAE,EAAE;IAC1D,OAAO,CAAC,GAAG,CAAC,GAAG,GAAG,CAAC,MAAM,IAAI,GAAG,CAAC,IAAI,EAAE,CAAC,CAAC;IACzC,IAAI,EAAE,CAAC;AACT,CAAC,CAAC,CAAC;AAEH,GAAG,CAAC,MAAM,CAAC,IAAI,EAAE,GAAG,EAAE;IACpB,OAAO,CAAC,GAAG,CAAC,mCAAmC,IAAI,EAAE,CAAC,CAAC;AACzD,CAAC,CAAC,CAAC;AAEH,GAAG,CAAC,GAAG,CAAC,iBAAO,CAAC,IAAI,EAAE,CAAC,CAAC;AACxB,GAAG,CAAC,GAAG,CAAC,MAAM,EAAE,gBAAM,CAAC,CAAC;AAExB,kBAAe,GAAG,CAAC","sourcesContent":["import express, { Express, Request, Response, NextFunction } from \"express\";\r\nimport mongoose from \"mongoose\";\r\nimport router from \"./routes\";\r\nimport cors from \"cors\";\r\n\r\nimport \"./database/config/database\";\r\n\r\nconst app: Express = express();\r\nconst port: number = 3302;\r\n\r\napp.use(cors()); // Apply CORS middleware first\r\n\r\n// Custom middleware to log incoming requests\r\napp.use((req: Request, res: Response, next: NextFunction) => {\r\n  console.log(`${req.method} ${req.path}`);\r\n  next();\r\n});\r\n\r\napp.listen(port, () => {\r\n  console.log(`App running on http://localhost:${port}`);\r\n});\r\n\r\napp.use(express.json());\r\napp.use(\"/api\", router);\r\n\r\nexport default app;\r\n"]},"_coverageSchema":"1a1c01bbd47fc00a2c39e90264f33305004495a9","hash":"25c5b98a7c6ac9179d2ed5e96d6a823ab139a3e4"},"D:\\Courses\\ATLP\\Codes\\ts todo list app\\backend\\src\\routes\\index.ts":{"path":"D:\\Courses\\ATLP\\Codes\\ts todo list app\\backend\\src\\routes\\index.ts","statementMap":{"0":{"start":{"line":2,"column":22},"end":{"line":4,"column":1}},"1":{"start":{"line":3,"column":4},"end":{"line":3,"column":62}},"2":{"start":{"line":5,"column":0},"end":{"line":5,"column":62}},"3":{"start":{"line":6,"column":18},"end":{"line":6,"column":36}},"4":{"start":{"line":7,"column":21},"end":{"line":7,"column":61}},"5":{"start":{"line":8,"column":21},"end":{"line":8,"column":61}},"6":{"start":{"line":9,"column":15},"end":{"line":9,"column":38}},"7":{"start":{"line":10,"column":0},"end":{"line":10,"column":43}},"8":{"start":{"line":11,"column":0},"end":{"line":11,"column":43}},"9":{"start":{"line":12,"column":0},"end":{"line":12,"column":25}}},"fnMap":{"0":{"name":"(anonymous_0)","decl":{"start":{"line":2,"column":56},"end":{"line":2,"column":57}},"loc":{"start":{"line":2,"column":71},"end":{"line":4,"column":1}},"line":2}},"branchMap":{"0":{"loc":{"start":{"line":2,"column":22},"end":{"line":4,"column":1}},"type":"binary-expr","locations":[{"start":{"line":2,"column":23},"end":{"line":2,"column":27}},{"start":{"line":2,"column":31},"end":{"line":2,"column":51}},{"start":{"line":2,"column":56},"end":{"line":4,"column":1}}],"line":2},"1":{"loc":{"start":{"line":3,"column":11},"end":{"line":3,"column":61}},"type":"cond-expr","locations":[{"start":{"line":3,"column":37},"end":{"line":3,"column":40}},{"start":{"line":3,"column":43},"end":{"line":3,"column":61}}],"line":3},"2":{"loc":{"start":{"line":3,"column":12},"end":{"line":3,"column":33}},"type":"binary-expr","locations":[{"start":{"line":3,"column":12},"end":{"line":3,"column":15}},{"start":{"line":3,"column":19},"end":{"line":3,"column":33}}],"line":3}},"s":{"0":1,"1":2,"2":1,"3":1,"4":1,"5":1,"6":1,"7":1,"8":1,"9":1},"f":{"0":2},"b":{"0":[1,1,1],"1":[2,0],"2":[2,2]},"inputSourceMap":{"version":3,"file":"D:/Courses/ATLP/Codes/ts todo list app/backend/src/routes/index.ts","sources":["D:/Courses/ATLP/Codes/ts todo list app/backend/src/routes/index.ts"],"names":[],"mappings":";;;;;AAAA,qCAAiC;AAEjC,8DAAuC;AACvC,8DAAuC;AAEvC,MAAM,MAAM,GAAG,IAAA,gBAAM,GAAE,CAAC;AAExB,MAAM,CAAC,GAAG,CAAC,QAAQ,EAAE,oBAAW,CAAC,CAAC;AAElC,MAAM,CAAC,GAAG,CAAC,QAAQ,EAAE,oBAAW,CAAC,CAAC;AAElC,kBAAe,MAAM,CAAC","sourcesContent":["import { Router } from \"express\";\r\n\r\nimport tasksRouter from \"./tasksRoute\";\r\nimport usersRouter from \"./usersRoute\";\r\n\r\nconst router = Router();\r\n\r\nrouter.use(\"/tasks\", tasksRouter);\r\n\r\nrouter.use(\"/users\", usersRouter);\r\n\r\nexport default router;\r\n"]},"_coverageSchema":"1a1c01bbd47fc00a2c39e90264f33305004495a9","hash":"d4409050586d6a750f33574b138b51aa5e7737d3"},"D:\\Courses\\ATLP\\Codes\\ts todo list app\\backend\\src\\routes\\tasksRoute.ts":{"path":"D:\\Courses\\ATLP\\Codes\\ts todo list app\\backend\\src\\routes\\tasksRoute.ts","statementMap":{"0":{"start":{"line":2,"column":22},"end":{"line":4,"column":1}},"1":{"start":{"line":3,"column":4},"end":{"line":3,"column":62}},"2":{"start":{"line":5,"column":0},"end":{"line":5,"column":62}},"3":{"start":{"line":6,"column":18},"end":{"line":6,"column":53}},"4":{"start":{"line":7,"column":26},"end":{"line":7,"column":97}},"5":{"start":{"line":8,"column":20},"end":{"line":8,"column":46}},"6":{"start":{"line":10,"column":0},"end":{"line":10,"column":58}},"7":{"start":{"line":12,"column":0},"end":{"line":12,"column":57}},"8":{"start":{"line":14,"column":0},"end":{"line":14,"column":59}},"9":{"start":{"line":16,"column":0},"end":{"line":16,"column":64}},"10":{"start":{"line":18,"column":0},"end":{"line":18,"column":65}},"11":{"start":{"line":21,"column":0},"end":{"line":21,"column":30}}},"fnMap":{"0":{"name":"(anonymous_0)","decl":{"start":{"line":2,"column":56},"end":{"line":2,"column":57}},"loc":{"start":{"line":2,"column":71},"end":{"line":4,"column":1}},"line":2}},"branchMap":{"0":{"loc":{"start":{"line":2,"column":22},"end":{"line":4,"column":1}},"type":"binary-expr","locations":[{"start":{"line":2,"column":23},"end":{"line":2,"column":27}},{"start":{"line":2,"column":31},"end":{"line":2,"column":51}},{"start":{"line":2,"column":56},"end":{"line":4,"column":1}}],"line":2},"1":{"loc":{"start":{"line":3,"column":11},"end":{"line":3,"column":61}},"type":"cond-expr","locations":[{"start":{"line":3,"column":37},"end":{"line":3,"column":40}},{"start":{"line":3,"column":43},"end":{"line":3,"column":61}}],"line":3},"2":{"loc":{"start":{"line":3,"column":12},"end":{"line":3,"column":33}},"type":"binary-expr","locations":[{"start":{"line":3,"column":12},"end":{"line":3,"column":15}},{"start":{"line":3,"column":19},"end":{"line":3,"column":33}}],"line":3}},"s":{"0":1,"1":2,"2":1,"3":1,"4":1,"5":1,"6":1,"7":1,"8":1,"9":1,"10":1,"11":1},"f":{"0":2},"b":{"0":[1,1,1],"1":[1,1],"2":[2,2]},"inputSourceMap":{"version":3,"file":"D:/Courses/ATLP/Codes/ts todo list app/backend/src/routes/tasksRoute.ts","sources":["D:/Courses/ATLP/Codes/ts todo list app/backend/src/routes/tasksRoute.ts"],"names":[],"mappings":";;;;;AAAA,sDAA8B;AAC9B,kGAA0E;AAE1E,MAAM,WAAW,GAAG,iBAAO,CAAC,MAAM,EAAE,CAAC;AAKrC,aAAa;AACb,WAAW,CAAC,IAAI,CAAC,GAAG,EAAE,yBAAe,CAAC,QAAQ,CAAC,CAAC;AAEhD,YAAY;AACZ,WAAW,CAAC,GAAG,CAAC,GAAG,EAAE,yBAAe,CAAC,QAAQ,CAAC,CAAC;AAE/C,WAAW;AACX,WAAW,CAAC,GAAG,CAAC,MAAM,EAAE,yBAAe,CAAC,OAAO,CAAC,CAAC;AAEjD,aAAa;AACb,WAAW,CAAC,KAAK,CAAC,MAAM,EAAE,yBAAe,CAAC,UAAU,CAAC,CAAC;AAEtD,cAAc;AACd,WAAW,CAAC,MAAM,CAAC,MAAM,EAAE,yBAAe,CAAC,UAAU,CAAC,CAAC;AAEvD,iBAAiB;AACjB,iEAAiE;AAEjE,kBAAe,WAAW,CAAC","sourcesContent":["import express from \"express\";\r\nimport taskControllers from \"../modules/tasks/controller/tasksController\";\r\n\r\nconst tasksRouter = express.Router();\r\n\r\n// Import\r\nimport verifyToken from \"../middlewares/verifyToken\";\r\n\r\n// Post tasks\r\ntasksRouter.post(\"/\", taskControllers.postTask);\r\n\r\n// Get tasks\r\ntasksRouter.get(\"/\", taskControllers.getTasks);\r\n\r\n// Get Task\r\ntasksRouter.get(\"/:id\", taskControllers.getTask);\r\n\r\n// updateTask\r\ntasksRouter.patch(\"/:id\", taskControllers.updateTask);\r\n\r\n// Delete Task\r\ntasksRouter.delete(\"/:id\", taskControllers.deleteTask);\r\n\r\n// Mark completed\r\n// tasksRouter.patch(\"/mark/:id\", taskControllers.markCompleted);\r\n\r\nexport default tasksRouter;\r\n"]},"_coverageSchema":"1a1c01bbd47fc00a2c39e90264f33305004495a9","hash":"fb172bf3a6aed6c89e8a62d0a3924c2bb16f2d61"},"D:\\Courses\\ATLP\\Codes\\ts todo list app\\backend\\src\\modules\\tasks\\controller\\tasksController.ts":{"path":"D:\\Courses\\ATLP\\Codes\\ts todo list app\\backend\\src\\modules\\tasks\\controller\\tasksController.ts","statementMap":{"0":{"start":{"line":2,"column":16},"end":{"line":10,"column":1}},"1":{"start":{"line":3,"column":28},"end":{"line":3,"column":110}},"2":{"start":{"line":3,"column":91},"end":{"line":3,"column":106}},"3":{"start":{"line":4,"column":4},"end":{"line":9,"column":7}},"4":{"start":{"line":5,"column":36},"end":{"line":5,"column":97}},"5":{"start":{"line":5,"column":42},"end":{"line":5,"column":70}},"6":{"start":{"line":5,"column":85},"end":{"line":5,"column":95}},"7":{"start":{"line":6,"column":35},"end":{"line":6,"column":100}},"8":{"start":{"line":6,"column":41},"end":{"line":6,"column":73}},"9":{"start":{"line":6,"column":88},"end":{"line":6,"column":98}},"10":{"start":{"line":7,"column":32},"end":{"line":7,"column":116}},"11":{"start":{"line":8,"column":8},"end":{"line":8,"column":78}},"12":{"start":{"line":11,"column":22},"end":{"line":13,"column":1}},"13":{"start":{"line":12,"column":4},"end":{"line":12,"column":62}},"14":{"start":{"line":14,"column":0},"end":{"line":14,"column":62}},"15":{"start":{"line":15,"column":26},"end":{"line":15,"column":83}},"16":{"start":{"line":17,"column":17},"end":{"line":30,"column":2}},"17":{"start":{"line":17,"column":31},"end":{"line":30,"column":2}},"18":{"start":{"line":18,"column":18},"end":{"line":18,"column":32}},"19":{"start":{"line":19,"column":24},"end":{"line":19,"column":44}},"20":{"start":{"line":20,"column":24},"end":{"line":20,"column":29}},"21":{"start":{"line":22,"column":4},"end":{"line":29,"column":5}},"22":{"start":{"line":23,"column":27},"end":{"line":23,"column":102}},"23":{"start":{"line":24,"column":8},"end":{"line":24,"column":84}},"24":{"start":{"line":27,"column":8},"end":{"line":27,"column":53}},"25":{"start":{"line":28,"column":8},"end":{"line":28,"column":40}},"26":{"start":{"line":32,"column":17},"end":{"line":46,"column":2}},"27":{"start":{"line":32,"column":31},"end":{"line":46,"column":2}},"28":{"start":{"line":33,"column":4},"end":{"line":45,"column":5}},"29":{"start":{"line":34,"column":21},"end":{"line":34,"column":66}},"30":{"start":{"line":35,"column":8},"end":{"line":40,"column":9}},"31":{"start":{"line":36,"column":12},"end":{"line":36,"column":81}},"32":{"start":{"line":39,"column":12},"end":{"line":39,"column":76}},"33":{"start":{"line":43,"column":8},"end":{"line":43,"column":53}},"34":{"start":{"line":44,"column":8},"end":{"line":44,"column":76}},"35":{"start":{"line":48,"column":16},"end":{"line":61,"column":2}},"36":{"start":{"line":48,"column":30},"end":{"line":61,"column":2}},"37":{"start":{"line":49,"column":19},"end":{"line":49,"column":29}},"38":{"start":{"line":50,"column":4},"end":{"line":60,"column":5}},"39":{"start":{"line":51,"column":21},"end":{"line":51,"column":68}},"40":{"start":{"line":52,"column":8},"end":{"line":54,"column":9}},"41":{"start":{"line":53,"column":12},"end":{"line":53,"column":77}},"42":{"start":{"line":55,"column":8},"end":{"line":55,"column":72}},"43":{"start":{"line":58,"column":8},"end":{"line":58,"column":52}},"44":{"start":{"line":59,"column":8},"end":{"line":59,"column":80}},"45":{"start":{"line":63,"column":19},"end":{"line":79,"column":2}},"46":{"start":{"line":63,"column":33},"end":{"line":79,"column":2}},"47":{"start":{"line":64,"column":19},"end":{"line":64,"column":29}},"48":{"start":{"line":65,"column":4},"end":{"line":78,"column":5}},"49":{"start":{"line":66,"column":32},"end":{"line":66,"column":40}},"50":{"start":{"line":67,"column":28},"end":{"line":67,"column":95}},"51":{"start":{"line":68,"column":8},"end":{"line":70,"column":9}},"52":{"start":{"line":69,"column":12},"end":{"line":69,"column":82}},"53":{"start":{"line":71,"column":8},"end":{"line":73,"column":76}},"54":{"start":{"line":76,"column":8},"end":{"line":76,"column":55}},"55":{"start":{"line":77,"column":8},"end":{"line":77,"column":65}},"56":{"start":{"line":105,"column":19},"end":{"line":118,"column":2}},"57":{"start":{"line":105,"column":33},"end":{"line":118,"column":2}},"58":{"start":{"line":106,"column":19},"end":{"line":106,"column":29}},"59":{"start":{"line":107,"column":4},"end":{"line":117,"column":5}},"60":{"start":{"line":108,"column":21},"end":{"line":108,"column":71}},"61":{"start":{"line":109,"column":8},"end":{"line":111,"column":9}},"62":{"start":{"line":110,"column":12},"end":{"line":110,"column":82}},"63":{"start":{"line":112,"column":8},"end":{"line":112,"column":72}},"64":{"start":{"line":115,"column":8},"end":{"line":115,"column":55}},"65":{"start":{"line":116,"column":8},"end":{"line":116,"column":40}},"66":{"start":{"line":119,"column":0},"end":{"line":126,"column":2}}},"fnMap":{"0":{"name":"(anonymous_0)","decl":{"start":{"line":2,"column":44},"end":{"line":2,"column":45}},"loc":{"start":{"line":2,"column":89},"end":{"line":10,"column":1}},"line":2},"1":{"name":"adopt","decl":{"start":{"line":3,"column":13},"end":{"line":3,"column":18}},"loc":{"start":{"line":3,"column":26},"end":{"line":3,"column":112}},"line":3},"2":{"name":"(anonymous_2)","decl":{"start":{"line":3,"column":70},"end":{"line":3,"column":71}},"loc":{"start":{"line":3,"column":89},"end":{"line":3,"column":108}},"line":3},"3":{"name":"(anonymous_3)","decl":{"start":{"line":4,"column":36},"end":{"line":4,"column":37}},"loc":{"start":{"line":4,"column":63},"end":{"line":9,"column":5}},"line":4},"4":{"name":"fulfilled","decl":{"start":{"line":5,"column":17},"end":{"line":5,"column":26}},"loc":{"start":{"line":5,"column":34},"end":{"line":5,"column":99}},"line":5},"5":{"name":"rejected","decl":{"start":{"line":6,"column":17},"end":{"line":6,"column":25}},"loc":{"start":{"line":6,"column":33},"end":{"line":6,"column":102}},"line":6},"6":{"name":"step","decl":{"start":{"line":7,"column":17},"end":{"line":7,"column":21}},"loc":{"start":{"line":7,"column":30},"end":{"line":7,"column":118}},"line":7},"7":{"name":"(anonymous_7)","decl":{"start":{"line":11,"column":56},"end":{"line":11,"column":57}},"loc":{"start":{"line":11,"column":71},"end":{"line":13,"column":1}},"line":11},"8":{"name":"(anonymous_8)","decl":{"start":{"line":17,"column":17},"end":{"line":17,"column":18}},"loc":{"start":{"line":17,"column":31},"end":{"line":30,"column":2}},"line":17},"9":{"name":"(anonymous_9)","decl":{"start":{"line":17,"column":65},"end":{"line":17,"column":66}},"loc":{"start":{"line":17,"column":78},"end":{"line":30,"column":1}},"line":17},"10":{"name":"(anonymous_10)","decl":{"start":{"line":32,"column":17},"end":{"line":32,"column":18}},"loc":{"start":{"line":32,"column":31},"end":{"line":46,"column":2}},"line":32},"11":{"name":"(anonymous_11)","decl":{"start":{"line":32,"column":65},"end":{"line":32,"column":66}},"loc":{"start":{"line":32,"column":78},"end":{"line":46,"column":1}},"line":32},"12":{"name":"(anonymous_12)","decl":{"start":{"line":48,"column":16},"end":{"line":48,"column":17}},"loc":{"start":{"line":48,"column":30},"end":{"line":61,"column":2}},"line":48},"13":{"name":"(anonymous_13)","decl":{"start":{"line":48,"column":64},"end":{"line":48,"column":65}},"loc":{"start":{"line":48,"column":77},"end":{"line":61,"column":1}},"line":48},"14":{"name":"(anonymous_14)","decl":{"start":{"line":63,"column":19},"end":{"line":63,"column":20}},"loc":{"start":{"line":63,"column":33},"end":{"line":79,"column":2}},"line":63},"15":{"name":"(anonymous_15)","decl":{"start":{"line":63,"column":67},"end":{"line":63,"column":68}},"loc":{"start":{"line":63,"column":80},"end":{"line":79,"column":1}},"line":63},"16":{"name":"(anonymous_16)","decl":{"start":{"line":105,"column":19},"end":{"line":105,"column":20}},"loc":{"start":{"line":105,"column":33},"end":{"line":118,"column":2}},"line":105},"17":{"name":"(anonymous_17)","decl":{"start":{"line":105,"column":67},"end":{"line":105,"column":68}},"loc":{"start":{"line":105,"column":80},"end":{"line":118,"column":1}},"line":105}},"branchMap":{"0":{"loc":{"start":{"line":2,"column":16},"end":{"line":10,"column":1}},"type":"binary-expr","locations":[{"start":{"line":2,"column":17},"end":{"line":2,"column":21}},{"start":{"line":2,"column":25},"end":{"line":2,"column":39}},{"start":{"line":2,"column":44},"end":{"line":10,"column":1}}],"line":2},"1":{"loc":{"start":{"line":3,"column":35},"end":{"line":3,"column":109}},"type":"cond-expr","locations":[{"start":{"line":3,"column":56},"end":{"line":3,"column":61}},{"start":{"line":3,"column":64},"end":{"line":3,"column":109}}],"line":3},"2":{"loc":{"start":{"line":4,"column":16},"end":{"line":4,"column":34}},"type":"binary-expr","locations":[{"start":{"line":4,"column":16},"end":{"line":4,"column":17}},{"start":{"line":4,"column":22},"end":{"line":4,"column":33}}],"line":4},"3":{"loc":{"start":{"line":7,"column":32},"end":{"line":7,"column":115}},"type":"cond-expr","locations":[{"start":{"line":7,"column":46},"end":{"line":7,"column":67}},{"start":{"line":7,"column":70},"end":{"line":7,"column":115}}],"line":7},"4":{"loc":{"start":{"line":8,"column":51},"end":{"line":8,"column":67}},"type":"binary-expr","locations":[{"start":{"line":8,"column":51},"end":{"line":8,"column":61}},{"start":{"line":8,"column":65},"end":{"line":8,"column":67}}],"line":8},"5":{"loc":{"start":{"line":11,"column":22},"end":{"line":13,"column":1}},"type":"binary-expr","locations":[{"start":{"line":11,"column":23},"end":{"line":11,"column":27}},{"start":{"line":11,"column":31},"end":{"line":11,"column":51}},{"start":{"line":11,"column":56},"end":{"line":13,"column":1}}],"line":11},"6":{"loc":{"start":{"line":12,"column":11},"end":{"line":12,"column":61}},"type":"cond-expr","locations":[{"start":{"line":12,"column":37},"end":{"line":12,"column":40}},{"start":{"line":12,"column":43},"end":{"line":12,"column":61}}],"line":12},"7":{"loc":{"start":{"line":12,"column":12},"end":{"line":12,"column":33}},"type":"binary-expr","locations":[{"start":{"line":12,"column":12},"end":{"line":12,"column":15}},{"start":{"line":12,"column":19},"end":{"line":12,"column":33}}],"line":12},"8":{"loc":{"start":{"line":35,"column":8},"end":{"line":40,"column":9}},"type":"if","locations":[{"start":{"line":35,"column":8},"end":{"line":40,"column":9}},{"start":{"line":35,"column":8},"end":{"line":40,"column":9}}],"line":35},"9":{"loc":{"start":{"line":52,"column":8},"end":{"line":54,"column":9}},"type":"if","locations":[{"start":{"line":52,"column":8},"end":{"line":54,"column":9}},{"start":{"line":52,"column":8},"end":{"line":54,"column":9}}],"line":52},"10":{"loc":{"start":{"line":68,"column":8},"end":{"line":70,"column":9}},"type":"if","locations":[{"start":{"line":68,"column":8},"end":{"line":70,"column":9}},{"start":{"line":68,"column":8},"end":{"line":70,"column":9}}],"line":68},"11":{"loc":{"start":{"line":109,"column":8},"end":{"line":111,"column":9}},"type":"if","locations":[{"start":{"line":109,"column":8},"end":{"line":111,"column":9}},{"start":{"line":109,"column":8},"end":{"line":111,"column":9}}],"line":109}},"s":{"0":1,"1":6,"2":0,"3":6,"4":5,"5":5,"6":0,"7":1,"8":1,"9":0,"10":12,"11":6,"12":1,"13":1,"14":1,"15":1,"16":1,"17":2,"18":2,"19":2,"20":2,"21":2,"22":2,"23":1,"24":1,"25":1,"26":1,"27":1,"28":1,"29":1,"30":1,"31":0,"32":1,"33":0,"34":0,"35":1,"36":1,"37":1,"38":1,"39":1,"40":1,"41":0,"42":1,"43":0,"44":0,"45":1,"46":1,"47":1,"48":1,"49":1,"50":1,"51":1,"52":0,"53":1,"54":0,"55":0,"56":1,"57":1,"58":1,"59":1,"60":1,"61":1,"62":0,"63":1,"64":0,"65":0,"66":1},"f":{"0":6,"1":6,"2":0,"3":6,"4":5,"5":1,"6":12,"7":1,"8":2,"9":2,"10":1,"11":1,"12":1,"13":1,"14":1,"15":1,"16":1,"17":1},"b":{"0":[1,1,1],"1":[6,0],"2":[6,6],"3":[6,6],"4":[6,6],"5":[1,1,1],"6":[1,0],"7":[1,1],"8":[0,1],"9":[0,1],"10":[0,1],"11":[0,1]},"inputSourceMap":{"version":3,"file":"D:/Courses/ATLP/Codes/ts todo list app/backend/src/modules/tasks/controller/tasksController.ts","sources":["D:/Courses/ATLP/Codes/ts todo list app/backend/src/modules/tasks/controller/tasksController.ts"],"names":[],"mappings":";;;;;;;;;;;;;;AACA,oFAA2D;AAG3D,YAAY;AACZ,MAAM,QAAQ,GAAG,CAAO,GAAY,EAAE,GAAa,EAAE,EAAE;IACrD,MAAM,KAAK,GAAG,GAAG,CAAC,IAAI,CAAC,KAAK,CAAC;IAC7B,MAAM,WAAW,GAAG,GAAG,CAAC,IAAI,CAAC,WAAW,CAAC;IACzC,MAAM,WAAW,GAAG,KAAK,CAAC;IAC1B,kDAAkD;IAClD,IAAI,CAAC;QACH,MAAM,UAAU,GAAG,MAAM,yBAAc,CAAC,UAAU,CAChD,KAAK,EACL,WAAW,EACX,WAAW,CACZ,CAAC;QACF,GAAG,CAAC,MAAM,CAAC,GAAG,CAAC,CAAC,IAAI,CAAC,EAAE,MAAM,EAAE,GAAG,EAAE,OAAO,EAAE,SAAS,EAAE,IAAI,EAAE,UAAU,EAAE,CAAC,CAAC;IAC9E,CAAC;IAAC,OAAO,KAAK,EAAE,CAAC;QACf,OAAO,CAAC,KAAK,CAAC,sBAAsB,EAAE,KAAK,CAAC,CAAC;QAC7C,GAAG,CAAC,MAAM,CAAC,GAAG,CAAC,CAAC,IAAI,CAAC,EAAE,KAAK,EAAE,CAAC,CAAC;IAClC,CAAC;AACH,CAAC,CAAA,CAAC;AAEF,gBAAgB;AAChB,MAAM,QAAQ,GAAG,CAAO,GAAY,EAAE,GAAa,EAAE,EAAE;IACrD,IAAI,CAAC;QACH,MAAM,IAAI,GAAG,MAAM,yBAAc,CAAC,WAAW,EAAE,CAAC;QAChD,IAAI,IAAI,CAAC,MAAM,KAAK,CAAC,EAAE,CAAC;YACtB,OAAO,GAAG,CAAC,MAAM,CAAC,GAAG,CAAC,CAAC,IAAI,CAAC,EAAE,MAAM,EAAE,GAAG,EAAE,KAAK,EAAE,eAAe,EAAE,CAAC,CAAC;QACvE,CAAC;aAAM,CAAC;YACN,GAAG,CAAC,MAAM,CAAC,GAAG,CAAC,CAAC,IAAI,CAAC,EAAE,MAAM,EAAE,GAAG,EAAE,OAAO,EAAE,SAAS,EAAE,IAAI,EAAE,CAAC,CAAC;QAClE,CAAC;IACH,CAAC;IAAC,OAAO,KAAK,EAAE,CAAC;QACf,OAAO,CAAC,KAAK,CAAC,sBAAsB,EAAE,KAAK,CAAC,CAAC;QAC7C,GAAG,CAAC,MAAM,CAAC,GAAG,CAAC,CAAC,IAAI,CAAC,EAAE,MAAM,EAAE,GAAG,EAAE,KAAK,EAAE,IAAI,CAAC,SAAS,CAAC,KAAK,CAAC,EAAE,CAAC,CAAC;IACtE,CAAC;AACH,CAAC,CAAA,CAAC;AAEF,kBAAkB;AAClB,MAAM,OAAO,GAAG,CAAO,GAAY,EAAE,GAAa,EAAE,EAAE;IACpD,MAAM,EAAE,EAAE,EAAE,GAAG,GAAG,CAAC,MAAM,CAAC;IAC1B,IAAI,CAAC;QACH,MAAM,IAAI,GAAG,MAAM,yBAAc,CAAC,WAAW,CAAC,EAAE,CAAC,CAAC;QAClD,IAAI,CAAC,IAAI,EAAE,CAAC;YACV,OAAO,GAAG,CAAC,MAAM,CAAC,GAAG,CAAC,CAAC,IAAI,CAAC,EAAE,MAAM,EAAE,GAAG,EAAE,KAAK,EAAE,WAAW,EAAE,CAAC,CAAC;QACnE,CAAC;QACD,GAAG,CAAC,MAAM,CAAC,GAAG,CAAC,CAAC,IAAI,CAAC,EAAE,MAAM,EAAE,GAAG,EAAE,OAAO,EAAE,SAAS,EAAE,IAAI,EAAE,CAAC,CAAC;IAClE,CAAC;IAAC,OAAO,KAAK,EAAE,CAAC;QACf,OAAO,CAAC,KAAK,CAAC,qBAAqB,EAAE,KAAK,CAAC,CAAC;QAC5C,GAAG,CAAC,MAAM,CAAC,GAAG,CAAC,CAAC,IAAI,CAAC,EAAE,MAAM,EAAE,GAAG,EAAE,OAAO,EAAE,uBAAuB,EAAE,CAAC,CAAC;IAC1E,CAAC;AACH,CAAC,CAAA,CAAC;AAEF,cAAc;AACd,MAAM,UAAU,GAAG,CAAO,GAAY,EAAE,GAAa,EAAE,EAAE;IACvD,MAAM,EAAE,EAAE,EAAE,GAAG,GAAG,CAAC,MAAM,CAAC;IAC1B,IAAI,CAAC;QACH,MAAM,eAAe,GAAG,GAAG,CAAC,IAAI,CAAC;QACjC,MAAM,WAAW,GAAG,MAAM,yBAAc,CAAC,cAAc,CACrD,EAAE,EACF,eAAe,CAChB,CAAC;QACF,IAAI,CAAC,WAAW,EAAE,CAAC;YACjB,OAAO,GAAG,CAAC,MAAM,CAAC,GAAG,CAAC,CAAC,IAAI,CAAC,EAAE,MAAM,EAAE,GAAG,EAAE,KAAK,EAAE,gBAAgB,EAAE,CAAC,CAAC;QACxE,CAAC;QACD,GAAG;aACA,MAAM,CAAC,GAAG,CAAC;aACX,IAAI,CAAC,EAAE,MAAM,EAAE,GAAG,EAAE,OAAO,EAAE,SAAS,EAAE,MAAM,EAAE,WAAW,EAAE,CAAC,CAAC;IACpE,CAAC;IAAC,OAAO,KAAK,EAAE,CAAC;QACf,OAAO,CAAC,KAAK,CAAC,wBAAwB,EAAE,KAAK,CAAC,CAAC;QAC/C,GAAG,CAAC,MAAM,CAAC,GAAG,CAAC,CAAC,IAAI,CAAC,EAAE,KAAK,EAAE,uBAAuB,EAAE,CAAC,CAAC;IAC3D,CAAC;AACH,CAAC,CAAA,CAAC;AAEF,iEAAiE;AACjE,+BAA+B;AAE/B,UAAU;AACV,sDAAsD;AACtD,kDAAkD;AAElD,kCAAkC;AAClC,mBAAmB;AACnB,+EAA+E;AAC/E,QAAQ;AAER,yCAAyC;AACzC,4CAA4C;AAE5C,wCAAwC;AACxC,4CAA4C;AAE5C,wEAAwE;AACxE,6BAA6B;AAC7B,qBAAqB;AACrB,6CAA6C;AAC7C,0BAA0B;AAC1B,UAAU;AACV,sBAAsB;AACtB,qEAAqE;AACrE,gEAAgE;AAChE,MAAM;AACN,KAAK;AAEL,cAAc;AACd,MAAM,UAAU,GAAG,CAAO,GAAY,EAAE,GAAa,EAAE,EAAE;IACvD,MAAM,EAAE,EAAE,EAAE,GAAG,GAAG,CAAC,MAAM,CAAC;IAC1B,IAAI,CAAC;QACH,MAAM,IAAI,GAAG,MAAM,yBAAc,CAAC,cAAc,CAAC,EAAE,CAAC,CAAC;QACrD,IAAI,CAAC,IAAI,EAAE,CAAC;YACV,OAAO,GAAG,CAAC,MAAM,CAAC,GAAG,CAAC,CAAC,IAAI,CAAC,EAAE,MAAM,EAAE,GAAG,EAAE,KAAK,EAAE,gBAAgB,EAAE,CAAC,CAAC;QACxE,CAAC;QACD,GAAG,CAAC,MAAM,CAAC,GAAG,CAAC,CAAC,IAAI,CAAC,EAAE,MAAM,EAAE,GAAG,EAAE,OAAO,EAAE,SAAS,EAAE,IAAI,EAAE,CAAC,CAAC;IAClE,CAAC;IAAC,OAAO,KAAK,EAAE,CAAC;QACf,OAAO,CAAC,KAAK,CAAC,wBAAwB,EAAE,KAAK,CAAC,CAAC;QAC/C,GAAG,CAAC,MAAM,CAAC,GAAG,CAAC,CAAC,IAAI,CAAC,EAAE,KAAK,EAAE,CAAC,CAAC;IAClC,CAAC;AACH,CAAC,CAAA,CAAC;AAEF,kBAAe;IACb,QAAQ;IACR,QAAQ;IACR,OAAO;IACP,UAAU;IACV,iBAAiB;IACjB,UAAU;CACX,CAAC","sourcesContent":["import { Request, Response } from \"express\";\r\nimport taskRepository from \"../repository/tasksRepository\";\r\nimport tasksModel from \"../../../database/models/tasksModel\";\r\n\r\n// Post Task\r\nconst postTask = async (req: Request, res: Response) => {\r\n  const title = req.body.title;\r\n  const description = req.body.description;\r\n  const isCompleted = false;\r\n  // console.log( title, description, isCompleted );\r\n  try {\r\n    const dataToSave = await taskRepository.createTask(\r\n      title,\r\n      description,\r\n      isCompleted\r\n    );\r\n    res.status(201).json({ status: 201, message: \"Success\", data: dataToSave });\r\n  } catch (error) {\r\n    console.error(\"Failed to POST task:\", error);\r\n    res.status(500).json({ error });\r\n  } \r\n}; \r\n\r\n// Get all tasks\r\nconst getTasks = async (req: Request, res: Response) => {\r\n  try {\r\n    const data = await taskRepository.getAllTasks();\r\n    if (data.length === 0) {\r\n      return res.status(404).json({ status: 404, error: \"No data found\" });\r\n    } else {\r\n      res.status(200).json({ status: 200, message: \"Success\", data });\r\n    }\r\n  } catch (error) {\r\n    console.error(\"Failed to get tasks:\", error);\r\n    res.status(500).json({ status: 500, error: JSON.stringify(error) });\r\n  }\r\n};\r\n\r\n// Get single task\r\nconst getTask = async (req: Request, res: Response) => {\r\n  const { id } = req.params;\r\n  try {\r\n    const data = await taskRepository.getTaskById(id);\r\n    if (!data) {\r\n      return res.status(404).json({ status: 404, error: \"Not found\" });\r\n    }\r\n    res.status(200).json({ status: 200, message: \"Success\", data });\r\n  } catch (error) {\r\n    console.error(\"Failed to get task:\", error);\r\n    res.status(500).json({ status: 500, message: \"Internal server error\" });\r\n  }\r\n};\r\n\r\n// Update Task\r\nconst updateTask = async (req: Request, res: Response) => {\r\n  const { id } = req.params;\r\n  try {\r\n    const updatedTaskData = req.body;\r\n    const updatedTask = await taskRepository.updateTaskById(\r\n      id,\r\n      updatedTaskData\r\n    );\r\n    if (!updatedTask) {\r\n      return res.status(404).json({ status: 404, error: \"Task not found\" });\r\n    }\r\n    res\r\n      .status(200)\r\n      .json({ status: 200, message: \"Success\", result: updatedTask });\r\n  } catch (error) {\r\n    console.error(\"Failed to UPDATE task:\", error);\r\n    res.status(500).json({ error: \"Internal server error\" });\r\n  }\r\n};\r\n\r\n// const markCompleted = async (req: Request, res: Response) => {\r\n//   const { id } = req.params;\r\n\r\n//   try {\r\n//     // Retrieve the task document from the database\r\n//     const task = await tasksModel.findById(id);\r\n\r\n//     // Check if the task exists\r\n//     if (!task) {\r\n//       return res.status(404).json({ status: 404, error: \"Task not found\" });\r\n//     }\r\n\r\n//     // Toggle the isCompleted property\r\n//     task.isCompleted = !task.isCompleted;\r\n\r\n//     // Save the updated task document\r\n//     const markedTask = await task.save();\r\n\r\n//     // If the task is successfully updated, return it in the response\r\n//     res.status(200).json({\r\n//       status: 200,\r\n//       message: \"Task marked as completed\",\r\n//       data: markedTask,\r\n//     });\r\n//   } catch (error) {\r\n//     console.error(\"Failed to mark the task as completed:\", error);\r\n//     res.status(500).json({ error: \"Internal server error\" });\r\n//   }\r\n// };\r\n\r\n// Delete Task\r\nconst deleteTask = async (req: Request, res: Response) => {\r\n  const { id } = req.params;\r\n  try {\r\n    const data = await taskRepository.deleteTaskById(id);\r\n    if (!data) {\r\n      return res.status(404).json({ status: 404, error: \"Task not found\" });\r\n    }\r\n    res.status(200).json({ status: 200, message: \"Success\", data });\r\n  } catch (error) {\r\n    console.error(\"Failed to DELETE task:\", error);\r\n    res.status(500).json({ error });\r\n  }\r\n};\r\n\r\nexport default {\r\n  postTask,\r\n  getTasks,\r\n  getTask,\r\n  updateTask,\r\n  // markCompleted,\r\n  deleteTask,\r\n};\r\n "]},"_coverageSchema":"1a1c01bbd47fc00a2c39e90264f33305004495a9","hash":"3d0962bbf1bd4857e712f231ec12402c8218bfc5"},"D:\\Courses\\ATLP\\Codes\\ts todo list app\\backend\\src\\modules\\tasks\\repository\\tasksRepository.ts":{"path":"D:\\Courses\\ATLP\\Codes\\ts todo list app\\backend\\src\\modules\\tasks\\repository\\tasksRepository.ts","statementMap":{"0":{"start":{"line":2,"column":16},"end":{"line":10,"column":1}},"1":{"start":{"line":3,"column":28},"end":{"line":3,"column":110}},"2":{"start":{"line":3,"column":91},"end":{"line":3,"column":106}},"3":{"start":{"line":4,"column":4},"end":{"line":9,"column":7}},"4":{"start":{"line":5,"column":36},"end":{"line":5,"column":97}},"5":{"start":{"line":5,"column":42},"end":{"line":5,"column":70}},"6":{"start":{"line":5,"column":85},"end":{"line":5,"column":95}},"7":{"start":{"line":6,"column":35},"end":{"line":6,"column":100}},"8":{"start":{"line":6,"column":41},"end":{"line":6,"column":73}},"9":{"start":{"line":6,"column":88},"end":{"line":6,"column":98}},"10":{"start":{"line":7,"column":32},"end":{"line":7,"column":116}},"11":{"start":{"line":8,"column":8},"end":{"line":8,"column":78}},"12":{"start":{"line":11,"column":22},"end":{"line":13,"column":1}},"13":{"start":{"line":12,"column":4},"end":{"line":12,"column":62}},"14":{"start":{"line":14,"column":0},"end":{"line":14,"column":62}},"15":{"start":{"line":15,"column":21},"end":{"line":15,"column":84}},"16":{"start":{"line":17,"column":19},"end":{"line":20,"column":2}},"17":{"start":{"line":17,"column":56},"end":{"line":20,"column":2}},"18":{"start":{"line":18,"column":20},"end":{"line":18,"column":81}},"19":{"start":{"line":19,"column":4},"end":{"line":19,"column":26}},"20":{"start":{"line":22,"column":20},"end":{"line":24,"column":2}},"21":{"start":{"line":22,"column":26},"end":{"line":24,"column":2}},"22":{"start":{"line":23,"column":4},"end":{"line":23,"column":63}},"23":{"start":{"line":26,"column":20},"end":{"line":28,"column":2}},"24":{"start":{"line":26,"column":28},"end":{"line":28,"column":2}},"25":{"start":{"line":27,"column":4},"end":{"line":27,"column":45}},"26":{"start":{"line":30,"column":23},"end":{"line":33,"column":2}},"27":{"start":{"line":30,"column":48},"end":{"line":33,"column":2}},"28":{"start":{"line":31,"column":20},"end":{"line":31,"column":33}},"29":{"start":{"line":32,"column":4},"end":{"line":32,"column":80}},"30":{"start":{"line":35,"column":23},"end":{"line":37,"column":2}},"31":{"start":{"line":35,"column":31},"end":{"line":37,"column":2}},"32":{"start":{"line":36,"column":4},"end":{"line":36,"column":54}},"33":{"start":{"line":38,"column":0},"end":{"line":44,"column":2}}},"fnMap":{"0":{"name":"(anonymous_0)","decl":{"start":{"line":2,"column":44},"end":{"line":2,"column":45}},"loc":{"start":{"line":2,"column":89},"end":{"line":10,"column":1}},"line":2},"1":{"name":"adopt","decl":{"start":{"line":3,"column":13},"end":{"line":3,"column":18}},"loc":{"start":{"line":3,"column":26},"end":{"line":3,"column":112}},"line":3},"2":{"name":"(anonymous_2)","decl":{"start":{"line":3,"column":70},"end":{"line":3,"column":71}},"loc":{"start":{"line":3,"column":89},"end":{"line":3,"column":108}},"line":3},"3":{"name":"(anonymous_3)","decl":{"start":{"line":4,"column":36},"end":{"line":4,"column":37}},"loc":{"start":{"line":4,"column":63},"end":{"line":9,"column":5}},"line":4},"4":{"name":"fulfilled","decl":{"start":{"line":5,"column":17},"end":{"line":5,"column":26}},"loc":{"start":{"line":5,"column":34},"end":{"line":5,"column":99}},"line":5},"5":{"name":"rejected","decl":{"start":{"line":6,"column":17},"end":{"line":6,"column":25}},"loc":{"start":{"line":6,"column":33},"end":{"line":6,"column":102}},"line":6},"6":{"name":"step","decl":{"start":{"line":7,"column":17},"end":{"line":7,"column":21}},"loc":{"start":{"line":7,"column":30},"end":{"line":7,"column":118}},"line":7},"7":{"name":"(anonymous_7)","decl":{"start":{"line":11,"column":56},"end":{"line":11,"column":57}},"loc":{"start":{"line":11,"column":71},"end":{"line":13,"column":1}},"line":11},"8":{"name":"(anonymous_8)","decl":{"start":{"line":17,"column":19},"end":{"line":17,"column":20}},"loc":{"start":{"line":17,"column":56},"end":{"line":20,"column":2}},"line":17},"9":{"name":"(anonymous_9)","decl":{"start":{"line":17,"column":90},"end":{"line":17,"column":91}},"loc":{"start":{"line":17,"column":103},"end":{"line":20,"column":1}},"line":17},"10":{"name":"(anonymous_10)","decl":{"start":{"line":22,"column":20},"end":{"line":22,"column":21}},"loc":{"start":{"line":22,"column":26},"end":{"line":24,"column":2}},"line":22},"11":{"name":"(anonymous_11)","decl":{"start":{"line":22,"column":60},"end":{"line":22,"column":61}},"loc":{"start":{"line":22,"column":73},"end":{"line":24,"column":1}},"line":22},"12":{"name":"(anonymous_12)","decl":{"start":{"line":26,"column":20},"end":{"line":26,"column":21}},"loc":{"start":{"line":26,"column":28},"end":{"line":28,"column":2}},"line":26},"13":{"name":"(anonymous_13)","decl":{"start":{"line":26,"column":62},"end":{"line":26,"column":63}},"loc":{"start":{"line":26,"column":75},"end":{"line":28,"column":1}},"line":26},"14":{"name":"(anonymous_14)","decl":{"start":{"line":30,"column":23},"end":{"line":30,"column":24}},"loc":{"start":{"line":30,"column":48},"end":{"line":33,"column":2}},"line":30},"15":{"name":"(anonymous_15)","decl":{"start":{"line":30,"column":82},"end":{"line":30,"column":83}},"loc":{"start":{"line":30,"column":95},"end":{"line":33,"column":1}},"line":30},"16":{"name":"(anonymous_16)","decl":{"start":{"line":35,"column":23},"end":{"line":35,"column":24}},"loc":{"start":{"line":35,"column":31},"end":{"line":37,"column":2}},"line":35},"17":{"name":"(anonymous_17)","decl":{"start":{"line":35,"column":65},"end":{"line":35,"column":66}},"loc":{"start":{"line":35,"column":78},"end":{"line":37,"column":1}},"line":35}},"branchMap":{"0":{"loc":{"start":{"line":2,"column":16},"end":{"line":10,"column":1}},"type":"binary-expr","locations":[{"start":{"line":2,"column":17},"end":{"line":2,"column":21}},{"start":{"line":2,"column":25},"end":{"line":2,"column":39}},{"start":{"line":2,"column":44},"end":{"line":10,"column":1}}],"line":2},"1":{"loc":{"start":{"line":3,"column":35},"end":{"line":3,"column":109}},"type":"cond-expr","locations":[{"start":{"line":3,"column":56},"end":{"line":3,"column":61}},{"start":{"line":3,"column":64},"end":{"line":3,"column":109}}],"line":3},"2":{"loc":{"start":{"line":4,"column":16},"end":{"line":4,"column":34}},"type":"binary-expr","locations":[{"start":{"line":4,"column":16},"end":{"line":4,"column":17}},{"start":{"line":4,"column":22},"end":{"line":4,"column":33}}],"line":4},"3":{"loc":{"start":{"line":7,"column":32},"end":{"line":7,"column":115}},"type":"cond-expr","locations":[{"start":{"line":7,"column":46},"end":{"line":7,"column":67}},{"start":{"line":7,"column":70},"end":{"line":7,"column":115}}],"line":7},"4":{"loc":{"start":{"line":8,"column":51},"end":{"line":8,"column":67}},"type":"binary-expr","locations":[{"start":{"line":8,"column":51},"end":{"line":8,"column":61}},{"start":{"line":8,"column":65},"end":{"line":8,"column":67}}],"line":8},"5":{"loc":{"start":{"line":11,"column":22},"end":{"line":13,"column":1}},"type":"binary-expr","locations":[{"start":{"line":11,"column":23},"end":{"line":11,"column":27}},{"start":{"line":11,"column":31},"end":{"line":11,"column":51}},{"start":{"line":11,"column":56},"end":{"line":13,"column":1}}],"line":11},"6":{"loc":{"start":{"line":12,"column":11},"end":{"line":12,"column":61}},"type":"cond-expr","locations":[{"start":{"line":12,"column":37},"end":{"line":12,"column":40}},{"start":{"line":12,"column":43},"end":{"line":12,"column":61}}],"line":12},"7":{"loc":{"start":{"line":12,"column":12},"end":{"line":12,"column":33}},"type":"binary-expr","locations":[{"start":{"line":12,"column":12},"end":{"line":12,"column":15}},{"start":{"line":12,"column":19},"end":{"line":12,"column":33}}],"line":12}},"s":{"0":1,"1":0,"2":0,"3":6,"4":0,"5":0,"6":0,"7":0,"8":0,"9":0,"10":6,"11":6,"12":1,"13":1,"14":1,"15":1,"16":1,"17":2,"18":2,"19":2,"20":1,"21":1,"22":1,"23":1,"24":1,"25":1,"26":1,"27":1,"28":1,"29":1,"30":1,"31":1,"32":1,"33":1},"f":{"0":6,"1":0,"2":0,"3":6,"4":0,"5":0,"6":6,"7":1,"8":2,"9":2,"10":1,"11":1,"12":1,"13":1,"14":1,"15":1,"16":1,"17":1},"b":{"0":[1,1,1],"1":[0,0],"2":[6,6],"3":[6,0],"4":[6,6],"5":[1,1,1],"6":[1,0],"7":[1,1]},"inputSourceMap":{"version":3,"file":"D:/Courses/ATLP/Codes/ts todo list app/backend/src/modules/tasks/repository/tasksRepository.ts","sources":["D:/Courses/ATLP/Codes/ts todo list app/backend/src/modules/tasks/repository/tasksRepository.ts"],"names":[],"mappings":";;;;;;;;;;;;;;AAAA,qFAA6D;AAE7D,gCAAgC;AAChC,MAAM,UAAU,GAAG,CACjB,KAAa,EACb,WAAmB,EACnB,WAAoB,EACpB,EAAE;IACF,MAAM,OAAO,GAAG,IAAI,oBAAU,CAAC,EAAE,KAAK,EAAE,WAAW,EAAE,WAAW,EAAE,CAAC,CAAC;IACpE,OAAO,OAAO,CAAC,IAAI,EAAE,CAAC;AACxB,CAAC,CAAA,CAAC;AAEF,8BAA8B;AAC9B,MAAM,WAAW,GAAG,GAAS,EAAE;IAC7B,OAAO,oBAAU,CAAC,IAAI,EAAE,CAAC,IAAI,CAAC,EAAE,SAAS,EAAE,CAAC,CAAC,EAAE,CAAC,CAAC;AACnD,CAAC,CAAA,CAAC;AAEF,gCAAgC;AAChC,MAAM,WAAW,GAAG,CAAO,EAAU,EAAE,EAAE;IACvC,OAAO,oBAAU,CAAC,QAAQ,CAAC,EAAE,CAAC,CAAC;AACjC,CAAC,CAAA,CAAC;AAEF,kCAAkC;AAClC,MAAM,cAAc,GAAG,CAAO,EAAU,EAAE,eAAoB,EAAE,EAAE;IAChE,MAAM,OAAO,GAAG,EAAE,GAAG,EAAE,IAAI,EAAE,CAAC;IAC9B,OAAO,oBAAU,CAAC,iBAAiB,CAAC,EAAE,EAAE,eAAe,EAAE,OAAO,CAAC,CAAC;AACpE,CAAC,CAAA,CAAC;AACF,kCAAkC;AAClC,MAAM,cAAc,GAAG,CAAO,EAAU,EAAE,EAAE;IAC1C,OAAO,oBAAU,CAAC,iBAAiB,CAAC,EAAE,CAAC,CAAC;AAC1C,CAAC,CAAA,CAAC;AAEF,kBAAe;IACb,UAAU;IACV,WAAW;IACX,WAAW;IACX,cAAc;IACd,cAAc;CACf,CAAC","sourcesContent":["import tasksModel from \"../../../database/models/tasksModel\";\r\n\r\n// Function to create a new task\r\nconst createTask = async (\r\n  title: string,\r\n  description: string,\r\n  isCompleted: boolean\r\n) => {\r\n  const newTask = new tasksModel({ title, description, isCompleted });\r\n  return newTask.save();\r\n};\r\n\r\n// Function to fetch all tasks\r\nconst getAllTasks = async () => {\r\n  return tasksModel.find().sort({ createdAt: -1 });\r\n};\r\n\r\n// Function to find a task by ID\r\nconst getTaskById = async (id: string) => {\r\n  return tasksModel.findById(id);\r\n};\r\n\r\n// Function to update a task by ID\r\nconst updateTaskById = async (id: string, updatedTaskData: any) => {\r\n  const options = { new: true };\r\n  return tasksModel.findByIdAndUpdate(id, updatedTaskData, options);\r\n};\r\n// Function to delete a task by ID\r\nconst deleteTaskById = async (id: string) => {\r\n  return tasksModel.findByIdAndDelete(id);\r\n};\r\n\r\nexport default {\r\n  createTask,\r\n  getAllTasks,\r\n  getTaskById,\r\n  updateTaskById,\r\n  deleteTaskById,\r\n};\r\n"]},"_coverageSchema":"1a1c01bbd47fc00a2c39e90264f33305004495a9","hash":"c0bb987b18e1b460defdc446ef30465c1d223cd3"},"D:\\Courses\\ATLP\\Codes\\ts todo list app\\backend\\src\\routes\\usersRoute.ts":{"path":"D:\\Courses\\ATLP\\Codes\\ts todo list app\\backend\\src\\routes\\usersRoute.ts","statementMap":{"0":{"start":{"line":2,"column":22},"end":{"line":4,"column":1}},"1":{"start":{"line":3,"column":4},"end":{"line":3,"column":62}},"2":{"start":{"line":5,"column":0},"end":{"line":5,"column":62}},"3":{"start":{"line":6,"column":18},"end":{"line":6,"column":53}},"4":{"start":{"line":7,"column":26},"end":{"line":7,"column":80}},"5":{"start":{"line":8,"column":15},"end":{"line":8,"column":41}},"6":{"start":{"line":10,"column":0},"end":{"line":10,"column":45}},"7":{"start":{"line":12,"column":0},"end":{"line":12,"column":44}},"8":{"start":{"line":13,"column":0},"end":{"line":13,"column":51}},"9":{"start":{"line":14,"column":0},"end":{"line":14,"column":25}}},"fnMap":{"0":{"name":"(anonymous_0)","decl":{"start":{"line":2,"column":56},"end":{"line":2,"column":57}},"loc":{"start":{"line":2,"column":71},"end":{"line":4,"column":1}},"line":2}},"branchMap":{"0":{"loc":{"start":{"line":2,"column":22},"end":{"line":4,"column":1}},"type":"binary-expr","locations":[{"start":{"line":2,"column":23},"end":{"line":2,"column":27}},{"start":{"line":2,"column":31},"end":{"line":2,"column":51}},{"start":{"line":2,"column":56},"end":{"line":4,"column":1}}],"line":2},"1":{"loc":{"start":{"line":3,"column":11},"end":{"line":3,"column":61}},"type":"cond-expr","locations":[{"start":{"line":3,"column":37},"end":{"line":3,"column":40}},{"start":{"line":3,"column":43},"end":{"line":3,"column":61}}],"line":3},"2":{"loc":{"start":{"line":3,"column":12},"end":{"line":3,"column":33}},"type":"binary-expr","locations":[{"start":{"line":3,"column":12},"end":{"line":3,"column":15}},{"start":{"line":3,"column":19},"end":{"line":3,"column":33}}],"line":3}},"s":{"0":1,"1":1,"2":1,"3":1,"4":1,"5":1,"6":1,"7":1,"8":1,"9":1},"f":{"0":1},"b":{"0":[1,1,1],"1":[0,1],"2":[1,1]},"inputSourceMap":{"version":3,"file":"D:/Courses/ATLP/Codes/ts todo list app/backend/src/routes/usersRoute.ts","sources":["D:/Courses/ATLP/Codes/ts todo list app/backend/src/routes/usersRoute.ts"],"names":[],"mappings":";;;;;AAAA,sDAA8B;AAE9B,iFAIqD;AAErD,MAAM,MAAM,GAAG,iBAAO,CAAC,MAAM,EAAE,CAAC;AAEhC,gBAAgB;AAChB,MAAM,CAAC,IAAI,CAAC,GAAG,EAAE,0BAAQ,CAAC,CAAC;AAE3B,YAAY;AACZ,MAAM,CAAC,GAAG,CAAC,GAAG,EAAE,0BAAQ,CAAC,CAAC;AAE1B,MAAM,CAAC,IAAI,CAAC,QAAQ,EAAE,2BAAS,CAAC,CAAC;AAEjC,kBAAe,MAAM,CAAC","sourcesContent":["import express from \"express\";\r\n\r\nimport {\r\n  postUser,\r\n  getUsers,\r\n  loginUser,\r\n} from \"../modules/users/controller/usersController\";\r\n\r\nconst router = express.Router();\r\n\r\n// Create a user\r\nrouter.post(\"/\", postUser);\r\n\r\n// Get users\r\nrouter.get(\"/\", getUsers);\r\n\r\nrouter.post(\"/login\", loginUser);\r\n\r\nexport default router;\r\n"]},"_coverageSchema":"1a1c01bbd47fc00a2c39e90264f33305004495a9","hash":"185383c3c6b099bfd6fa7b863bb048f546fe3c70"},"D:\\Courses\\ATLP\\Codes\\ts todo list app\\backend\\src\\modules\\users\\controller\\usersController.ts":{"path":"D:\\Courses\\ATLP\\Codes\\ts todo list app\\backend\\src\\modules\\users\\controller\\usersController.ts","statementMap":{"0":{"start":{"line":2,"column":16},"end":{"line":10,"column":1}},"1":{"start":{"line":3,"column":28},"end":{"line":3,"column":110}},"2":{"start":{"line":3,"column":91},"end":{"line":3,"column":106}},"3":{"start":{"line":4,"column":4},"end":{"line":9,"column":7}},"4":{"start":{"line":5,"column":36},"end":{"line":5,"column":97}},"5":{"start":{"line":5,"column":42},"end":{"line":5,"column":70}},"6":{"start":{"line":5,"column":85},"end":{"line":5,"column":95}},"7":{"start":{"line":6,"column":35},"end":{"line":6,"column":100}},"8":{"start":{"line":6,"column":41},"end":{"line":6,"column":73}},"9":{"start":{"line":6,"column":88},"end":{"line":6,"column":98}},"10":{"start":{"line":7,"column":32},"end":{"line":7,"column":116}},"11":{"start":{"line":8,"column":8},"end":{"line":8,"column":78}},"12":{"start":{"line":11,"column":22},"end":{"line":13,"column":1}},"13":{"start":{"line":12,"column":4},"end":{"line":12,"column":62}},"14":{"start":{"line":14,"column":0},"end":{"line":14,"column":62}},"15":{"start":{"line":15,"column":0},"end":{"line":15,"column":65}},"16":{"start":{"line":16,"column":23},"end":{"line":16,"column":63}},"17":{"start":{"line":17,"column":17},"end":{"line":17,"column":51}},"18":{"start":{"line":18,"column":25},"end":{"line":18,"column":64}},"19":{"start":{"line":19,"column":21},"end":{"line":19,"column":84}},"20":{"start":{"line":21,"column":18},"end":{"line":21,"column":75}},"21":{"start":{"line":23,"column":17},"end":{"line":40,"column":2}},"22":{"start":{"line":23,"column":31},"end":{"line":40,"column":2}},"23":{"start":{"line":24,"column":35},"end":{"line":24,"column":43}},"24":{"start":{"line":25,"column":4},"end":{"line":39,"column":5}},"25":{"start":{"line":27,"column":29},"end":{"line":27,"column":77}},"26":{"start":{"line":28,"column":8},"end":{"line":31,"column":9}},"27":{"start":{"line":30,"column":12},"end":{"line":30,"column":78}},"28":{"start":{"line":33,"column":24},"end":{"line":33,"column":82}},"29":{"start":{"line":34,"column":8},"end":{"line":34,"column":76}},"30":{"start":{"line":37,"column":8},"end":{"line":37,"column":52}},"31":{"start":{"line":38,"column":8},"end":{"line":38,"column":40}},"32":{"start":{"line":41,"column":0},"end":{"line":41,"column":28}},"33":{"start":{"line":43,"column":17},"end":{"line":55,"column":2}},"34":{"start":{"line":43,"column":31},"end":{"line":55,"column":2}},"35":{"start":{"line":44,"column":4},"end":{"line":54,"column":5}},"36":{"start":{"line":45,"column":21},"end":{"line":45,"column":62}},"37":{"start":{"line":46,"column":8},"end":{"line":48,"column":9}},"38":{"start":{"line":47,"column":12},"end":{"line":47,"column":68}},"39":{"start":{"line":49,"column":8},"end":{"line":49,"column":39}},"40":{"start":{"line":52,"column":8},"end":{"line":52,"column":54}},"41":{"start":{"line":53,"column":8},"end":{"line":53,"column":40}},"42":{"start":{"line":56,"column":0},"end":{"line":56,"column":28}},"43":{"start":{"line":58,"column":18},"end":{"line":79,"column":2}},"44":{"start":{"line":58,"column":32},"end":{"line":79,"column":2}},"45":{"start":{"line":59,"column":35},"end":{"line":59,"column":43}},"46":{"start":{"line":60,"column":4},"end":{"line":78,"column":5}},"47":{"start":{"line":61,"column":21},"end":{"line":61,"column":77}},"48":{"start":{"line":62,"column":8},"end":{"line":64,"column":9}},"49":{"start":{"line":63,"column":12},"end":{"line":63,"column":69}},"50":{"start":{"line":65,"column":22},"end":{"line":65,"column":77}},"51":{"start":{"line":66,"column":8},"end":{"line":68,"column":9}},"52":{"start":{"line":67,"column":12},"end":{"line":67,"column":73}},"53":{"start":{"line":70,"column":22},"end":{"line":72,"column":10}},"54":{"start":{"line":73,"column":8},"end":{"line":73,"column":36}},"55":{"start":{"line":76,"column":8},"end":{"line":76,"column":49}},"56":{"start":{"line":77,"column":8},"end":{"line":77,"column":61}},"57":{"start":{"line":80,"column":0},"end":{"line":80,"column":30}}},"fnMap":{"0":{"name":"(anonymous_0)","decl":{"start":{"line":2,"column":44},"end":{"line":2,"column":45}},"loc":{"start":{"line":2,"column":89},"end":{"line":10,"column":1}},"line":2},"1":{"name":"adopt","decl":{"start":{"line":3,"column":13},"end":{"line":3,"column":18}},"loc":{"start":{"line":3,"column":26},"end":{"line":3,"column":112}},"line":3},"2":{"name":"(anonymous_2)","decl":{"start":{"line":3,"column":70},"end":{"line":3,"column":71}},"loc":{"start":{"line":3,"column":89},"end":{"line":3,"column":108}},"line":3},"3":{"name":"(anonymous_3)","decl":{"start":{"line":4,"column":36},"end":{"line":4,"column":37}},"loc":{"start":{"line":4,"column":63},"end":{"line":9,"column":5}},"line":4},"4":{"name":"fulfilled","decl":{"start":{"line":5,"column":17},"end":{"line":5,"column":26}},"loc":{"start":{"line":5,"column":34},"end":{"line":5,"column":99}},"line":5},"5":{"name":"rejected","decl":{"start":{"line":6,"column":17},"end":{"line":6,"column":25}},"loc":{"start":{"line":6,"column":33},"end":{"line":6,"column":102}},"line":6},"6":{"name":"step","decl":{"start":{"line":7,"column":17},"end":{"line":7,"column":21}},"loc":{"start":{"line":7,"column":30},"end":{"line":7,"column":118}},"line":7},"7":{"name":"(anonymous_7)","decl":{"start":{"line":11,"column":56},"end":{"line":11,"column":57}},"loc":{"start":{"line":11,"column":71},"end":{"line":13,"column":1}},"line":11},"8":{"name":"(anonymous_8)","decl":{"start":{"line":23,"column":17},"end":{"line":23,"column":18}},"loc":{"start":{"line":23,"column":31},"end":{"line":40,"column":2}},"line":23},"9":{"name":"(anonymous_9)","decl":{"start":{"line":23,"column":65},"end":{"line":23,"column":66}},"loc":{"start":{"line":23,"column":78},"end":{"line":40,"column":1}},"line":23},"10":{"name":"(anonymous_10)","decl":{"start":{"line":43,"column":17},"end":{"line":43,"column":18}},"loc":{"start":{"line":43,"column":31},"end":{"line":55,"column":2}},"line":43},"11":{"name":"(anonymous_11)","decl":{"start":{"line":43,"column":65},"end":{"line":43,"column":66}},"loc":{"start":{"line":43,"column":78},"end":{"line":55,"column":1}},"line":43},"12":{"name":"(anonymous_12)","decl":{"start":{"line":58,"column":18},"end":{"line":58,"column":19}},"loc":{"start":{"line":58,"column":32},"end":{"line":79,"column":2}},"line":58},"13":{"name":"(anonymous_13)","decl":{"start":{"line":58,"column":66},"end":{"line":58,"column":67}},"loc":{"start":{"line":58,"column":79},"end":{"line":79,"column":1}},"line":58}},"branchMap":{"0":{"loc":{"start":{"line":2,"column":16},"end":{"line":10,"column":1}},"type":"binary-expr","locations":[{"start":{"line":2,"column":17},"end":{"line":2,"column":21}},{"start":{"line":2,"column":25},"end":{"line":2,"column":39}},{"start":{"line":2,"column":44},"end":{"line":10,"column":1}}],"line":2},"1":{"loc":{"start":{"line":3,"column":35},"end":{"line":3,"column":109}},"type":"cond-expr","locations":[{"start":{"line":3,"column":56},"end":{"line":3,"column":61}},{"start":{"line":3,"column":64},"end":{"line":3,"column":109}}],"line":3},"2":{"loc":{"start":{"line":4,"column":16},"end":{"line":4,"column":34}},"type":"binary-expr","locations":[{"start":{"line":4,"column":16},"end":{"line":4,"column":17}},{"start":{"line":4,"column":22},"end":{"line":4,"column":33}}],"line":4},"3":{"loc":{"start":{"line":7,"column":32},"end":{"line":7,"column":115}},"type":"cond-expr","locations":[{"start":{"line":7,"column":46},"end":{"line":7,"column":67}},{"start":{"line":7,"column":70},"end":{"line":7,"column":115}}],"line":7},"4":{"loc":{"start":{"line":8,"column":51},"end":{"line":8,"column":67}},"type":"binary-expr","locations":[{"start":{"line":8,"column":51},"end":{"line":8,"column":61}},{"start":{"line":8,"column":65},"end":{"line":8,"column":67}}],"line":8},"5":{"loc":{"start":{"line":11,"column":22},"end":{"line":13,"column":1}},"type":"binary-expr","locations":[{"start":{"line":11,"column":23},"end":{"line":11,"column":27}},{"start":{"line":11,"column":31},"end":{"line":11,"column":51}},{"start":{"line":11,"column":56},"end":{"line":13,"column":1}}],"line":11},"6":{"loc":{"start":{"line":12,"column":11},"end":{"line":12,"column":61}},"type":"cond-expr","locations":[{"start":{"line":12,"column":37},"end":{"line":12,"column":40}},{"start":{"line":12,"column":43},"end":{"line":12,"column":61}}],"line":12},"7":{"loc":{"start":{"line":12,"column":12},"end":{"line":12,"column":33}},"type":"binary-expr","locations":[{"start":{"line":12,"column":12},"end":{"line":12,"column":15}},{"start":{"line":12,"column":19},"end":{"line":12,"column":33}}],"line":12},"8":{"loc":{"start":{"line":28,"column":8},"end":{"line":31,"column":9}},"type":"if","locations":[{"start":{"line":28,"column":8},"end":{"line":31,"column":9}},{"start":{"line":28,"column":8},"end":{"line":31,"column":9}}],"line":28},"9":{"loc":{"start":{"line":46,"column":8},"end":{"line":48,"column":9}},"type":"if","locations":[{"start":{"line":46,"column":8},"end":{"line":48,"column":9}},{"start":{"line":46,"column":8},"end":{"line":48,"column":9}}],"line":46},"10":{"loc":{"start":{"line":62,"column":8},"end":{"line":64,"column":9}},"type":"if","locations":[{"start":{"line":62,"column":8},"end":{"line":64,"column":9}},{"start":{"line":62,"column":8},"end":{"line":64,"column":9}}],"line":62},"11":{"loc":{"start":{"line":66,"column":8},"end":{"line":68,"column":9}},"type":"if","locations":[{"start":{"line":66,"column":8},"end":{"line":68,"column":9}},{"start":{"line":66,"column":8},"end":{"line":68,"column":9}}],"line":66}},"s":{"0":1,"1":6,"2":2,"3":4,"4":6,"5":6,"6":0,"7":0,"8":0,"9":0,"10":10,"11":4,"12":1,"13":3,"14":1,"15":1,"16":1,"17":1,"18":1,"19":1,"20":1,"21":1,"22":2,"23":2,"24":2,"25":2,"26":2,"27":1,"28":1,"29":1,"30":0,"31":0,"32":1,"33":1,"34":1,"35":1,"36":1,"37":1,"38":0,"39":1,"40":0,"41":0,"42":1,"43":1,"44":1,"45":1,"46":1,"47":1,"48":1,"49":0,"50":1,"51":1,"52":0,"53":1,"54":1,"55":0,"56":0,"57":1},"f":{"0":4,"1":6,"2":2,"3":4,"4":6,"5":0,"6":10,"7":3,"8":2,"9":2,"10":1,"11":1,"12":1,"13":1},"b":{"0":[1,1,1],"1":[4,2],"2":[4,4],"3":[4,6],"4":[4,4],"5":[1,1,1],"6":[1,2],"7":[3,3],"8":[1,1],"9":[0,1],"10":[0,1],"11":[0,1]},"inputSourceMap":{"version":3,"file":"D:/Courses/ATLP/Codes/ts todo list app/backend/src/modules/users/controller/usersController.ts","sources":["D:/Courses/ATLP/Codes/ts todo list app/backend/src/modules/users/controller/usersController.ts"],"names":[],"mappings":";;;;;;;;;;;;;;;AACA,gEAA+B;AAC/B,oDAA4B;AAE5B,iEAIsC;AACtC,qFAA6D;AAE7D,YAAY;AACZ,MAAM,SAAS,GAAG,yDAAyD,CAAC;AAE5E,cAAc;AACd,MAAM,QAAQ,GAAG,CAAO,GAAY,EAAE,GAAa,EAAE,EAAE;IACrD,MAAM,EAAE,QAAQ,EAAE,QAAQ,EAAE,GAAG,GAAG,CAAC,IAAI,CAAC;IACxC,IAAI,CAAC;QACH,uCAAuC;QACvC,MAAM,YAAY,GAAG,MAAM,oBAAU,CAAC,OAAO,CAAC,EAAE,QAAQ,EAAE,CAAC,CAAC;QAE5D,IAAI,YAAY,EAAE,CAAC;YACjB,iDAAiD;YACjD,OAAO,GAAG,CAAC,MAAM,CAAC,GAAG,CAAC,CAAC,IAAI,CAAC,EAAE,KAAK,EAAE,yBAAyB,EAAE,CAAC,CAAC;QACpE,CAAC;QAGD,iDAAiD;QACjD,MAAM,OAAO,GAAG,MAAM,IAAA,2BAAU,EAAC,QAAQ,EAAE,QAAQ,CAAC,CAAC;QAErD,GAAG,CAAC,MAAM,CAAC,GAAG,CAAC,CAAC,IAAI,CAAC,EAAE,OAAO,EAAE,GAAG,EAAE,2BAA2B,EAAE,CAAC,CAAC;IACtE,CAAC;IAAC,OAAO,KAAK,EAAE,CAAC;QACf,OAAO,CAAC,KAAK,CAAC,qBAAqB,EAAE,KAAK,CAAC,CAAC;QAC5C,GAAG,CAAC,MAAM,CAAC,GAAG,CAAC,CAAC,IAAI,CAAC,EAAE,KAAK,EAAE,CAAC,CAAC;IAClC,CAAC;AACH,CAAC,CAAA,CAAC;AAwCO,4BAAQ;AAtCjB,gBAAgB;AAChB,MAAM,QAAQ,GAAG,CAAO,GAAY,EAAE,GAAa,EAAE,EAAE;IACrD,IAAI,CAAC;QACH,MAAM,IAAI,GAAG,MAAM,IAAA,4BAAW,GAAE,CAAC;QACjC,IAAI,IAAI,CAAC,MAAM,KAAK,CAAC,EAAE,CAAC;YACtB,OAAO,GAAG,CAAC,MAAM,CAAC,GAAG,CAAC,CAAC,IAAI,CAAC,EAAE,KAAK,EAAE,eAAe,EAAE,CAAC,CAAC;QAC1D,CAAC;QACD,GAAG,CAAC,MAAM,CAAC,GAAG,CAAC,CAAC,IAAI,CAAC,EAAE,IAAI,EAAE,CAAC,CAAC;IACjC,CAAC;IAAC,OAAO,KAAK,EAAE,CAAC;QACf,OAAO,CAAC,KAAK,CAAC,uBAAuB,EAAE,KAAK,CAAC,CAAC;QAC9C,GAAG,CAAC,MAAM,CAAC,GAAG,CAAC,CAAC,IAAI,CAAC,EAAE,KAAK,EAAE,CAAC,CAAC;IAClC,CAAC;AACH,CAAC,CAAA,CAAC;AA0BiB,4BAAQ;AAxB3B,aAAa;AACb,MAAM,SAAS,GAAG,CAAO,GAAY,EAAE,GAAa,EAAE,EAAE;IACtD,MAAM,EAAE,QAAQ,EAAE,QAAQ,EAAE,GAAG,GAAG,CAAC,IAAI,CAAC;IACxC,IAAI,CAAC;QACH,MAAM,IAAI,GAAG,MAAM,IAAA,mCAAkB,EAAC,QAAQ,CAAC,CAAC;QAChD,IAAI,CAAC,IAAI,EAAE,CAAC;YACV,OAAO,GAAG,CAAC,MAAM,CAAC,GAAG,CAAC,CAAC,IAAI,CAAC,EAAE,KAAK,EAAE,gBAAgB,EAAE,CAAC,CAAC;QAC3D,CAAC;QACD,MAAM,KAAK,GAAG,MAAM,gBAAM,CAAC,OAAO,CAAC,QAAQ,EAAE,IAAI,CAAC,QAAQ,CAAC,CAAC;QAC5D,IAAI,CAAC,KAAK,EAAE,CAAC;YACX,OAAO,GAAG,CAAC,MAAM,CAAC,GAAG,CAAC,CAAC,IAAI,CAAC,EAAE,KAAK,EAAE,oBAAoB,EAAE,CAAC,CAAC;QAC/D,CAAC;QAED,eAAe;QACf,MAAM,KAAK,GAAG,sBAAG,CAAC,IAAI,CAAC,EAAE,MAAM,EAAE,IAAI,CAAC,GAAG,EAAE,EAAE,SAAS,EAAE;YACtD,SAAS,EAAE,IAAI;SAChB,CAAC,CAAC;QACH,GAAG,CAAC,
[...]
2},"end":{"line":61,"column":19}},"55":{"start":{"line":64,"column":4},"end":{"line":76,"column":7}},"56":{"start":{"line":65,"column":8},"end":{"line":75,"column":11}},"57":{"start":{"line":70,"column":12},"end":{"line":70,"column":56}},"58":{"start":{"line":71,"column":12},"end":{"line":73,"column":50}},"59":{"start":{"line":74,"column":12},"end":{"line":74,"column":19}},"60":{"start":{"line":77,"column":4},"end":{"line":98,"column":8}},"61":{"start":{"line":77,"column":37},"end":{"line":98,"column":6}},"62":{"start":{"line":79,"column":23},"end":{"line":79,"column":83}},"63":{"start":{"line":80,"column":8},"end":{"line":86,"column":9}},"64":{"start":{"line":81,"column":33},"end":{"line":81,"column":80}},"65":{"start":{"line":82,"column":12},"end":{"line":85,"column":15}},"66":{"start":{"line":88,"column":20},"end":{"line":91,"column":69}},"67":{"start":{"line":92,"column":8},"end":{"line":92,"column":52}},"68":{"start":{"line":93,"column":8},"end":{"line":93,"column":55}},"69":{"start":{"line":95,"column":8},"end":{"line":95,"column":25}},"70":{"start":{"line":96,"column":29},"end":{"line":96,"column":124}},"71":{"start":{"line":97,"column":8},"end":{"line":97,"column":82}},"72":{"start":{"line":99,"column":4},"end":{"line":104,"column":8}},"73":{"start":{"line":99,"column":42},"end":{"line":104,"column":6}},"74":{"start":{"line":100,"column":20},"end":{"line":100,"column":83}},"75":{"start":{"line":101,"column":8},"end":{"line":101,"column":52}},"76":{"start":{"line":102,"column":8},"end":{"line":103,"column":19}},"77":{"start":{"line":105,"column":4},"end":{"line":108,"column":8}},"78":{"start":{"line":105,"column":16},"end":{"line":108,"column":6}},"79":{"start":{"line":107,"column":8},"end":{"line":107,"column":50}}},"fnMap":{"0":{"name":"(anonymous_0)","decl":{"start":{"line":2,"column":74},"end":{"line":2,"column":75}},"loc":{"start":{"line":2,"column":96},"end":{"line":9,"column":1}},"line":2},"1":{"name":"(anonymous_1)","decl":{"start":{"line":6,"column":38},"end":{"line":6,"column":39}},"loc":{"start":{"line":6,"column":49},"end":{"line":6,"column":65}},"line":6},"2":{"name":"(anonymous_2)","decl":{"start":{"line":9,"column":6},"end":{"line":9,"column":7}},"loc":{"start":{"line":9,"column":28},"end":{"line":12,"column":1}},"line":9},"3":{"name":"(anonymous_3)","decl":{"start":{"line":13,"column":80},"end":{"line":13,"column":81}},"loc":{"start":{"line":13,"column":95},"end":{"line":15,"column":1}},"line":13},"4":{"name":"(anonymous_4)","decl":{"start":{"line":15,"column":5},"end":{"line":15,"column":6}},"loc":{"start":{"line":15,"column":20},"end":{"line":17,"column":1}},"line":15},"5":{"name":"(anonymous_5)","decl":{"start":{"line":18,"column":50},"end":{"line":18,"column":51}},"loc":{"start":{"line":18,"column":65},"end":{"line":24,"column":1}},"line":18},"6":{"name":"(anonymous_6)","decl":{"start":{"line":25,"column":44},"end":{"line":25,"column":45}},"loc":{"start":{"line":25,"column":89},"end":{"line":33,"column":1}},"line":25},"7":{"name":"adopt","decl":{"start":{"line":26,"column":13},"end":{"line":26,"column":18}},"loc":{"start":{"line":26,"column":26},"end":{"line":26,"column":112}},"line":26},"8":{"name":"(anonymous_8)","decl":{"start":{"line":26,"column":70},"end":{"line":26,"column":71}},"loc":{"start":{"line":26,"column":89},"end":{"line":26,"column":108}},"line":26},"9":{"name":"(anonymous_9)","decl":{"start":{"line":27,"column":36},"end":{"line":27,"column":37}},"loc":{"start":{"line":27,"column":63},"end":{"line":32,"column":5}},"line":27},"10":{"name":"fulfilled","decl":{"start":{"line":28,"column":17},"end":{"line":28,"column":26}},"loc":{"start":{"line":28,"column":34},"end":{"line":28,"column":99}},"line":28},"11":{"name":"rejected","decl":{"start":{"line":29,"column":17},"end":{"line":29,"column":25}},"loc":{"start":{"line":29,"column":33},"end":{"line":29,"column":102}},"line":29},"12":{"name":"step","decl":{"start":{"line":30,"column":17},"end":{"line":30,"column":21}},"loc":{"start":{"line":30,"column":30},"end":{"line":30,"column":118}},"line":30},"13":{"name":"(anonymous_13)","decl":{"start":{"line":34,"column":56},"end":{"line":34,"column":57}},"loc":{"start":{"line":34,"column":71},"end":{"line":36,"column":1}},"line":34},"14":{"name":"(anonymous_14)","decl":{"start":{"line":45,"column":24},"end":{"line":45,"column":25}},"loc":{"start":{"line":45,"column":30},"end":{"line":109,"column":1}},"line":45},"15":{"name":"(anonymous_15)","decl":{"start":{"line":47,"column":11},"end":{"line":47,"column":12}},"loc":{"start":{"line":47,"column":17},"end":{"line":50,"column":6}},"line":47},"16":{"name":"(anonymous_16)","decl":{"start":{"line":47,"column":51},"end":{"line":47,"column":52}},"loc":{"start":{"line":47,"column":64},"end":{"line":50,"column":5}},"line":47},"17":{"name":"(anonymous_17)","decl":{"start":{"line":51,"column":35},"end":{"line":51,"column":36}},"loc":{"start":{"line":51,"column":45},"end":{"line":63,"column":5}},"line":51},"18":{"name":"(anonymous_18)","decl":{"start":{"line":56,"column":17},"end":{"line":56,"column":18}},"loc":{"start":{"line":56,"column":31},"end":{"line":62,"column":9}},"line":56},"19":{"name":"(anonymous_19)","decl":{"start":{"line":64,"column":62},"end":{"line":64,"column":63}},"loc":{"start":{"line":64,"column":72},"end":{"line":76,"column":5}},"line":64},"20":{"name":"(anonymous_20)","decl":{"start":{"line":69,"column":17},"end":{"line":69,"column":18}},"loc":{"start":{"line":69,"column":31},"end":{"line":75,"column":9}},"line":69},"21":{"name":"(anonymous_21)","decl":{"start":{"line":77,"column":31},"end":{"line":77,"column":32}},"loc":{"start":{"line":77,"column":37},"end":{"line":98,"column":6}},"line":77},"22":{"name":"(anonymous_22)","decl":{"start":{"line":77,"column":71},"end":{"line":77,"column":72}},"loc":{"start":{"line":77,"column":84},"end":{"line":98,"column":5}},"line":77},"23":{"name":"(anonymous_23)","decl":{"start":{"line":99,"column":36},"end":{"line":99,"column":37}},"loc":{"start":{"line":99,"column":42},"end":{"line":104,"column":6}},"line":99},"24":{"name":"(anonymous_24)","decl":{"start":{"line":99,"column":76},"end":{"line":99,"column":77}},"loc":{"start":{"line":99,"column":89},"end":{"line":104,"column":5}},"line":99},"25":{"name":"(anonymous_25)","decl":{"start":{"line":105,"column":10},"end":{"line":105,"column":11}},"loc":{"start":{"line":105,"column":16},"end":{"line":108,"column":6}},"line":105},"26":{"name":"(anonymous_26)","decl":{"start":{"line":105,"column":50},"end":{"line":105,"column":51}},"loc":{"start":{"line":105,"column":63},"end":{"line":108,"column":5}},"line":105}},"branchMap":{"0":{"loc":{"start":{"line":2,"column":22},"end":{"line":12,"column":3}},"type":"binary-expr","locations":[{"start":{"line":2,"column":23},"end":{"line":2,"column":27}},{"start":{"line":2,"column":31},"end":{"line":2,"column":51}},{"start":{"line":2,"column":57},"end":{"line":12,"column":2}}],"line":2},"1":{"loc":{"start":{"line":2,"column":57},"end":{"line":12,"column":2}},"type":"cond-expr","locations":[{"start":{"line":2,"column":74},"end":{"line":9,"column":1}},{"start":{"line":9,"column":6},"end":{"line":12,"column":1}}],"line":2},"2":{"loc":{"start":{"line":3,"column":4},"end":{"line":3,"column":33}},"type":"if","locations":[{"start":{"line":3,"column":4},"end":{"line":3,"column":33}},{"start":{"line":3,"column":4},"end":{"line":3,"column":33}}],"line":3},"3":{"loc":{"start":{"line":5,"column":4},"end":{"line":7,"column":5}},"type":"if","locations":[{"start":{"line":5,"column":4},"end":{"line":7,"column":5}},{"start":{"line":5,"column":4},"end":{"line":7,"column":5}}],"line":5},"4":{"loc":{"start":{"line":5,"column":8},"end":{"line":5,"column":85}},"type":"binary-expr","locations":[{"start":{"line":5,"column":8},"end":{"line":5,"column":13}},{"start":{"line":5,"column":18},"end":{"line":5,"column":84}}],"line":5},"5":{"loc":{"start":{"line":5,"column":18},"end":{"line":5,"column":84}},"type":"cond-expr","locations":[{"start":{"line":5,"column":34},"end":{"line":5,"column":47}},{"start":{"line":5,"column":50},"end":{"line":5,"column":84}}],"line":5},"6":{"loc":{"start":{"line":5,"column":50},"end":{"line":5,"column":84}},"type":"binary-expr","locations":[{"start":{"line":5,"column":50},"end":{"line":5,"column":63}},{"start":{"line":5,"column":67},"end":{"line":5,"column":84}}],"line":5},"7":{"loc":{"start":{"line":10,"column":4},"end":{"line":10,"column":33}},"type":"if","locations":[{"start":{"line":10,"column":4},"end":{"line":10,"column":33}},{"start":{"line":10,"column":4},"end":{"line":10,"column":33}}],"line":10},"8":{"loc":{"start":{"line":13,"column":25},"end":{"line":17,"column":2}},"type":"binary-expr","locations":[{"start":{"line":13,"column":26},"end":{"line":13,"column":30}},{"start":{"line":13,"column":34},"end":{"line":13,"column":57}},{"start":{"line":13,"column":63},"end":{"line":17,"column":1}}],"line":13},"9":{"loc":{"start":{"line":13,"column":63},"end":{"line":17,"column":1}},"type":"cond-expr","locations":[{"start":{"line":13,"column":80},"end":{"line":15,"column":1}},{"start":{"line":15,"column":5},"end":{"line":17,"column":1}}],"line":13},"10":{"loc":{"start":{"line":18,"column":19},"end":{"line":24,"column":1}},"type":"binary-expr","locations":[{"start":{"line":18,"column":20},"end":{"line":18,"column":24}},{"start":{"line":18,"column":28},"end":{"line":18,"column":45}},{"start":{"line":18,"column":50},"end":{"line":24,"column":1}}],"line":18},"11":{"loc":{"start":{"line":19,"column":4},"end":{"line":19,"column":42}},"type":"if","locations":[{"start":{"line":19,"column":4},"end":{"line":19,"column":42}},{"start":{"line":19,"column":4},"end":{"line":19,"column":42}}],"line":19},"12":{"loc":{"start":{"line":19,"column":8},"end":{"line":19,"column":29}},"type":"binary-expr","locations":[{"start":{"line":19,"column":8},"end":{"line":19,"column":11}},{"start":{"line":19,"column":15},"end":{"line":19,"column":29}}],"line":19},"13":{"loc":{"start":{"line":21,"column":4},"end":{"line":21,"column":141}},"type":"if","locations":[{"start":{"line":21,"column":4},"end":{"line":21,"column":141}},{"start":{"line":21,"column":4},"end":{"line":21,"column":141}}],"line":21},"14":{"loc":{"start":{"line":21,"column":40},"end":{"line":21,"column":141}},"type":"if","locations":[{"start":{"line":21,"column":40},"end":{"line":21,"column":141}},{"start":{"line":21,"column":40},"end":{"line":21,"column":141}}],"line":21},"15":{"loc":{"start":{"line":21,"column":44},"end":{"line":21,"column":107}},"type":"binary-expr","locations":[{"start":{"line":21,"column":44},"end":{"line":21,"column":59}},{"start":{"line":21,"column":63},"end":{"line":21,"column":107}}],"line":21},"16":{"loc":{"start":{"line":25,"column":16},"end":{"line":33,"column":1}},"type":"binary-expr","locations":[{"start":{"line":25,"column":17},"end":{"line":25,"column":21}},{"start":{"line":25,"column":25},"end":{"line":25,"column":39}},{"start":{"line":25,"column":44},"end":{"line":33,"column":1}}],"line":25},"17":{"loc":{"start":{"line":26,"column":35},"end":{"line":26,"column":109}},"type":"cond-expr","locations":[{"start":{"line":26,"column":56},"end":{"line":26,"column":61}},{"start":{"line":26,"column":64},"end":{"line":26,"column":109}}],"line":26},"18":{"loc":{"start":{"line":27,"column":16},"end":{"line":27,"column":34}},"type":"binary-expr","locations":[{"start":{"line":27,"column":16},"end":{"line":27,"column":17}},{"start":{"line":27,"column":22},"end":{"line":27,"column":33}}],"line":27},"19":{"loc":{"start":{"line":30,"column":32},"end":{"line":30,"column":115}},"type":"cond-expr","locations":[{"start":{"line":30,"column":46},"end":{"line":30,"column":67}},{"start":{"line":30,"column":70},"end":{"line":30,"column":115}}],"line":30},"20":{"loc":{"start":{"line":31,"column":51},"end":{"line":31,"column":67}},"type":"binary-expr","locations":[{"start":{"line":31,"column":51},"end":{"line":31,"column":61}},{"start":{"line":31,"column":65},"end":{"line":31,"column":67}}],"line":31},"21":{"loc":{"start":{"line":34,"column":22},"end":{"line":36,"column":1}},"type":"binary-expr","locations":[{"start":{"line":34,"column":23},"end":{"line":34,"column":27}},{"start":{"line":34,"column":31},"end":{"line":34,"column":51}},{"start":{"line":34,"column":56},"end":{"line":36,"column":1}}],"line":34},"22":{"loc":{"start":{"line":35,"column":11},"end":{"line":35,"column":61}},"type":"cond-expr","locations":[{"start":{"line":35,"column":37},"end":{"line":35,"column":40}},{"start":{"line":35,"column":43},"end":{"line":35,"column":61}}],"line":35},"23":{"loc":{"start":{"line":35,"column":12},"end":{"line":35,"column":33}},"type":"binary-expr","locations":[{"start":{"line":35,"column":12},"end":{"line":35,"column":15}},{"start":{"line":35,"column":19},"end":{"line":35,"column":33}}],"line":35},"24":{"loc":{"start":{"line":80,"column":8},"end":{"line":86,"column":9}},"type":"if","locations":[{"start":{"line":80,"column":8},"end":{"line":86,"column":9}},{"start":{"line":80,"column":8},"end":{"line":86,"column":9}}],"line":80}},"s":{"0":1,"1":11,"2":11,"3":11,"4":11,"5":11,"6":9,"7":11,"8":0,"9":0,"10":0,"11":1,"12":1,"13":0,"14":1,"15":1,"16":0,"17":1,"18":1,"19":1,"20":11,"21":11,"22":1,"23":1,"24":1,"25":5,"26":5,"27":4,"28":5,"29":5,"30":0,"31":0,"32":0,"33":0,"34":9,"35":4,"36":1,"37":5,"38":1,"39":1,"40":1,"41":1,"42":1,"43":1,"44":1,"45":1,"46":1,"47":1,"48":1,"49":1,"50":1,"51":1,"52":1,"53":1,"54":1,"55":1,"56":1,"57":1,"58":1,"59":1,"60":1,"61":1,"62":1,"63":1,"64":0,"65":0,"66":1,"67":1,"68":1,"69":1,"70":1,"71":1,"72":1,"73":1,"74":1,"75":1,"76":1,"77":1,"78":1,"79":1},"f":{"0":11,"1":9,"2":0,"3":1,"4":0,"5":1,"6":4,"7":5,"8":5,"9":4,"10":5,"11":0,"12":9,"13":5,"14":1,"15":1,"16":1,"17":1,"18":1,"19":1,"20":1,"21":1,"22":1,"23":1,"24":1,"25":1,"26":1},"b":{"0":[1,1,1],"1":[1,0],"2":[11,0],"3":[11,0],"4":[11,11],"5":[0,11],"6":[11,0],"7":[0,0],"8":[1,1,1],"9":[1,0],"10":[1,1,1],"11":[0,1],"12":[1,1],"13":[1,0],"14":[11,0],"15":[11,11],"16":[1,1,1],"17":[0,5],"18":[4,4],"19":[4,5],"20":[4,4],"21":[1,1,1],"22":[2,3],"23":[5,5],"24":[0,1]},"inputSourceMap":{"version":3,"file":"D:/Courses/ATLP/Codes/ts todo list app/backend/src/modules/users/test/users.spec.ts","sources":["D:/Courses/ATLP/Codes/ts todo list app/backend/src/modules/users/test/users.spec.ts"],"names":[],"mappings":";;;;;;;;;;;;;;;;;;;;;;;;;;;;;;;;;;;;;AAAA,2DAAiC;AAEjC,oDAA4B;AAC5B,gEAA+B;AAC/B,0DAAiC;AACjC,6CAAoC;AAEpC,qFAA6D;AAC7D,cAAI,CAAC,GAAG,CAAC,mBAAQ,CAAC,CAAC;AAEnB,QAAQ,CAAC,aAAa,EAAE,GAAG,EAAE;IAC3B,IAAI,KAAa,CAAC;IAElB,MAAM,CAAC,GAAS,EAAE;QAChB,uDAAuD;QACvD,MAAM,oBAAU,CAAC,UAAU,CAAC,EAAE,CAAC,CAAC;IAClC,CAAC,CAAA,CAAC,CAAC;IAEH,EAAE,CAAC,0BAA0B,EAAE,CAAC,IAAI,EAAE,EAAE;QACtC,cAAI;aACD,OAAO,CAAC,eAAG,CAAC;aACZ,IAAI,CAAC,YAAY,CAAC;aAClB,IAAI,CAAC,EAAE,QAAQ,EAAE,UAAU,EAAE,QAAQ,EAAE,cAAc,EAAE,CAAC;aACxD,GAAG,CAAC,CAAC,GAAG,EAAE,GAAG,EAAE,EAAE;YAChB,IAAA,aAAM,EAAC,GAAG,CAAC,CAAC,EAAE,CAAC,IAAI,CAAC,MAAM,CAAC,GAAG,CAAC,CAAC;YAChC,IAAA,aAAM,EAAC,GAAG,CAAC,IAAI,CAAC;iBACb,EAAE,CAAC,IAAI,CAAC,QAAQ,CAAC,KAAK,CAAC;iBACvB,KAAK,CAAC,2BAA2B,CAAC,CAAC;YACtC,IAAI,EAAE,CAAC;QACT,CAAC,CAAC,CAAC;IACP,CAAC,CAAC,CAAC;IAEH,EAAE,CAAC,qDAAqD,EAAE,CAAC,IAAI,EAAE,EAAE;QACjE,cAAI;aACD,OAAO,CAAC,eAAG,CAAC;aACZ,IAAI,CAAC,YAAY,CAAC;aAClB,IAAI,CAAC,EAAE,QAAQ,EAAE,UAAU,EAAE,QAAQ,EAAE,cAAc,EAAE,CAAC;aACxD,GAAG,CAAC,CAAC,GAAG,EAAE,GAAG,EAAE,EAAE;YAChB,IAAA,aAAM,EAAC,GAAG,CAAC,CAAC,EAAE,CAAC,IAAI,CAAC,MAAM,CAAC,GAAG,CAAC,CAAC;YAChC,IAAA,aAAM,EAAC,GAAG,CAAC,IAAI,CAAC;iBACb,EAAE,CAAC,IAAI,CAAC,QAAQ,CAAC,OAAO,CAAC;iBACzB,KAAK,CAAC,yBAAyB,CAAC,CAAC;YACpC,IAAI,EAAE,CAAC;QACT,CAAC,CAAC,CAAC;IACP,CAAC,CAAC,CAAC;IAEH,EAAE,CAAC,sBAAsB,EAAE,GAAS,EAAE;QACpC,yCAAyC;QACzC,IAAI,QAAQ,GAAG,MAAM,oBAAU,CAAC,OAAO,CAAC,EAAE,QAAQ,EAAE,UAAU,EAAE,CAAC,CAAC;QAClE,IAAI,CAAC,QAAQ,EAAE,CAAC;YACd,MAAM,YAAY,GAAG,MAAM,gBAAM,CAAC,IAAI,CAAC,cAAc,EAAE,EAAE,CAAC,CAAC;YAC3D,QAAQ,GAAG,MAAM,oBAAU,CAAC,MAAM,CAAC;gBACjC,QAAQ,EAAE,UAAU;gBACpB,QAAQ,EAAE,YAAY;aACvB,CAAC,CAAC;QACL,CAAC;QAED,4BAA4B;QAC5B,MAAM,GAAG,GAAG,MAAM,cAAI;aACnB,OAAO,CAAC,eAAG,CAAC;aACZ,IAAI,CAAC,kBAAkB,CAAC;aACxB,IAAI,CAAC,EAAE,QAAQ,EAAE,UAAU,EAAE,QAAQ,EAAE,cAAc,EAAE,CAAC,CAAC;QAE5D,IAAA,aAAM,EAAC,GAAG,CAAC,CAAC,EAAE,CAAC,IAAI,CAAC,MAAM,CAAC,GAAG,CAAC,CAAC;QAChC,IAAA,aAAM,EAAC,GAAG,CAAC,IAAI,CAAC,CAAC,EAAE,CAAC,EAAE,CAAC,CAAC,CAAC,QAAQ,CAAC,CAAC;QAEnC,mBAAmB;QACnB,KAAK,GAAG,GAAG,CAAC,IAAI,CAAC;QACjB,MAAM,YAAY,GAAG,sBAAG,CAAC,MAAM,CAC7B,KAAK,EACL,yDAAyD,CACpC,CAAC;QACxB,IAAA,aAAM,EAAC,YAAY,CAAC,MAAM,CAAC,CAAC,EAAE,CAAC,KAAK,CAAC,QAAQ,CAAC,GAAG,CAAC,QAAQ,EAAE,CAAC,CAAC;IAChE,CAAC,CAAA,CAAC,CAAC;IAEH,EAAE,CAAC,2BAA2B,EAAE,GAAS,EAAE;QACzC,MAAM,GAAG,GAAG,MAAM,cAAI,CAAC,OAAO,CAAC,eAAG,CAAC,CAAC,GAAG,CAAC,YAAY,CAAC,CAAC;QACtD,IAAA,aAAM,EAAC,GAAG,CAAC,CAAC,EAAE,CAAC,IAAI,CAAC,MAAM,CAAC,GAAG,CAAC,CAAC;QAChC,IAAA,aAAM,EAAC,GAAG,CAAC,IAAI,CAAC,CAAC,EAAE,CAAC,IAAI,CAAC,QAAQ,CAAC,MAAM,CAAC,CAAC,EAAE,CAAC,EAAE,CAAC,EAAE,CAAC,OAAO,CAAC,CAAC,IAAI,CAAC,EAAE,CAAC,GAAG;aACpE,KAAK,CAAC;IACX,CAAC,CAAA,CAAC,CAAC;IAEH,KAAK,CAAC,GAAS,EAAE;QACf,uBAAuB;QACvB,MAAM,oBAAU,CAAC,UAAU,CAAC,EAAE,CAAC,CAAC;IAClC,CAAC,CAAA,CAAC,CAAC;AACL,CAAC,CAAC,CAAC","sourcesContent":["import app from \"../../../index\";\r\n\r\nimport bcrypt from \"bcrypt\";\r\nimport jwt from \"jsonwebtoken\";\r\nimport chaiHttp from \"chai-http\";\r\nimport chai, { expect } from \"chai\";\r\nimport { response } from \"express\";\r\nimport usersModel from \"../../../database/models/usersModel\";\r\nchai.use(chaiHttp);\r\n\r\ndescribe(\"User Routes\", () => {\r\n  let token: string;\r\n\r\n  before(async () => {\r\n    // Clear the users collection before starting the tests\r\n    await usersModel.deleteMany({});\r\n  });\r\n\r\n  it(\"should create a new user\", (done) => {\r\n    chai\r\n      .request(app)\r\n      .post(\"/api/users\")\r\n      .send({ username: \"testuser\", password: \"testpassword\" })\r\n      .end((err, res) => {\r\n        expect(res).to.have.status(201);\r\n        expect(res.body)\r\n          .to.have.property(\"msg\")\r\n          .equal(\"User created successfully\");\r\n        done();\r\n      });\r\n  });\r\n\r\n  it(\"should not create a user if username already exists\", (done) => {\r\n    chai\r\n      .request(app)\r\n      .post(\"/api/users\")\r\n      .send({ username: \"testuser\", password: \"testpassword\" })\r\n      .end((err, res) => {\r\n        expect(res).to.have.status(400);\r\n        expect(res.body)\r\n          .to.have.property(\"error\")\r\n          .equal(\"Username already exists\");\r\n        done();\r\n      });\r\n  });\r\n\r\n  it(\"should log in a user\", async () => {\r\n    // Create a test user if it doesn't exist\r\n    let testUser = await usersModel.findOne({ username: \"testuser\" });\r\n    if (!testUser) {\r\n      const passwordHash = await bcrypt.hash(\"testpassword\", 10);\r\n      testUser = await usersModel.create({\r\n        username: \"testuser\",\r\n        password: passwordHash,\r\n      });\r\n    }\r\n\r\n    // Log in with the test user\r\n    const res = await chai\r\n      .request(app)\r\n      .post(\"/api/users/login\")\r\n      .send({ username: \"testuser\", password: \"testpassword\" });\r\n\r\n    expect(res).to.have.status(200);\r\n    expect(res.body).to.be.a(\"string\");\r\n\r\n    // Verify the token\r\n    token = res.body;\r\n    const decodedToken = jwt.verify(\r\n      token,\r\n      \"ofierhjfuionvdfiojvadfiovfviofdjvdfvddvsiosdjai.2122cds\"\r\n    ) as { userId: string };\r\n    expect(decodedToken.userId).to.equal(testUser._id.toString());\r\n  });\r\n\r\n  it(\"should retrieve all users\", async () => {\r\n    const res = await chai.request(app).get(\"/api/users\");\r\n    expect(res).to.have.status(200);\r\n    expect(res.body).to.have.property(\"data\").to.be.an(\"array\").that.is.not\r\n      .empty;\r\n  });\r\n\r\n  after(async () => {\r\n    // Delete the test user\r\n    await usersModel.deleteMany({});\r\n  });\r\n});\r\n"]},"_coverageSchema":"1a1c01bbd47fc00a2c39e90264f33305004495a9","hash":"0489f85bc87aca81ab19e89351b8b6938ce19fa7"}}